  [1m[35m (100.7ms)[0m  [1m[35mCREATE TABLE "schema_migrations" ("version" varchar NOT NULL PRIMARY KEY)[0m
  [1m[35m (0.3ms)[0m  [1m[35mCREATE TABLE "ar_internal_metadata" ("key" varchar NOT NULL PRIMARY KEY, "value" varchar, "created_at" datetime(6) NOT NULL, "updated_at" datetime(6) NOT NULL)[0m
  [1m[36mActiveRecord::InternalMetadata Load (0.1ms)[0m  [1m[34mSELECT * FROM "ar_internal_metadata" WHERE "ar_internal_metadata"."key" = ? ORDER BY "ar_internal_metadata"."key" ASC LIMIT 1[0m  [[nil, "environment"]]
  [1m[36mActiveRecord::InternalMetadata Create (0.2ms)[0m  [1m[32mINSERT INTO "ar_internal_metadata" ("key", "value", "created_at", "updated_at") VALUES ('environment', 'development', '2024-02-20 13:54:28.498692', '2024-02-20 13:54:28.498696') RETURNING "key"[0m
  [1m[36mActiveRecord::SchemaMigration Load (0.2ms)[0m  [1m[34mSELECT "schema_migrations"."version" FROM "schema_migrations" ORDER BY "schema_migrations"."version" ASC[0m
Migrating to CreateTasks (20240220135403)
  [1m[36mTRANSACTION (0.1ms)[0m  [1m[36mbegin transaction[0m
  [1m[35m (1.0ms)[0m  [1m[35mCREATE TABLE "tasks" ("id" integer PRIMARY KEY AUTOINCREMENT NOT NULL, "title" varchar, "details" text, "completed" boolean, "created_at" datetime(6) NOT NULL, "updated_at" datetime(6) NOT NULL)[0m
  [1m[36mActiveRecord::SchemaMigration Create (0.1ms)[0m  [1m[32mINSERT INTO "schema_migrations" ("version") VALUES ('20240220135403') RETURNING "version"[0m
  [1m[36mTRANSACTION (0.1ms)[0m  [1m[36mcommit transaction[0m
  [1m[36mActiveRecord::SchemaMigration Load (0.1ms)[0m  [1m[34mSELECT "schema_migrations"."version" FROM "schema_migrations" ORDER BY "schema_migrations"."version" ASC[0m
  [1m[36mTRANSACTION (0.2ms)[0m  [1m[36mbegin transaction[0m
  [1m[36mTask Create (1.6ms)[0m  [1m[32mINSERT INTO "tasks" ("title", "details", "completed", "created_at", "updated_at") VALUES (?, ?, ?, ?, ?) RETURNING "id"[0m  [["title", "Laundry"], ["details", "Do not mix colors!"], ["completed", nil], ["created_at", "2024-02-20 14:02:28.562512"], ["updated_at", "2024-02-20 14:02:28.562512"]]
  [1m[36mTRANSACTION (0.4ms)[0m  [1m[36mcommit transaction[0m
  [1m[36mTRANSACTION (0.0ms)[0m  [1m[36mbegin transaction[0m
  [1m[36mTask Create (0.4ms)[0m  [1m[32mINSERT INTO "tasks" ("title", "details", "completed", "created_at", "updated_at") VALUES (?, ?, ?, ?, ?) RETURNING "id"[0m  [["title", "Studying"], ["details", "A lot of flashcards to do"], ["completed", 1], ["created_at", "2024-02-20 14:02:36.662319"], ["updated_at", "2024-02-20 14:02:36.662319"]]
  [1m[36mTRANSACTION (0.1ms)[0m  [1m[36mcommit transaction[0m
  [1m[36mTRANSACTION (0.0ms)[0m  [1m[36mbegin transaction[0m
  [1m[36mTask Create (0.3ms)[0m  [1m[32mINSERT INTO "tasks" ("title", "details", "completed", "created_at", "updated_at") VALUES (?, ?, ?, ?, ?) RETURNING "id"[0m  [["title", "bedtime#"], ["details", "slepping"], ["completed", 1], ["created_at", "2024-02-20 14:04:31.182179"], ["updated_at", "2024-02-20 14:04:31.182179"]]
  [1m[36mTRANSACTION (0.1ms)[0m  [1m[36mcommit transaction[0m
Started GET "/" for 127.0.0.1 at 2024-02-20 15:07:35 +0100
  [1m[36mActiveRecord::SchemaMigration Load (0.3ms)[0m  [1m[34mSELECT "schema_migrations"."version" FROM "schema_migrations" ORDER BY "schema_migrations"."version" ASC[0m
Processing by Rails::WelcomeController#index as HTML
  Rendering /home/tarik/.rbenv/versions/3.1.2/lib/ruby/gems/3.1.0/gems/railties-7.1.3/lib/rails/templates/rails/welcome/index.html.erb
  Rendered /home/tarik/.rbenv/versions/3.1.2/lib/ruby/gems/3.1.0/gems/railties-7.1.3/lib/rails/templates/rails/welcome/index.html.erb (Duration: 0.9ms | Allocations: 383)
Completed 200 OK in 23ms (Views: 7.3ms | ActiveRecord: 0.0ms | Allocations: 6233)


Started GET "/tasks" for 127.0.0.1 at 2024-02-20 15:11:32 +0100
Processing by TasksController#index as HTML
  Rendering layout layouts/application.html.erb
  Rendering tasks/index.html.erb within layouts/application
  Rendered tasks/index.html.erb within layouts/application (Duration: 0.8ms | Allocations: 112)
  Rendered layout layouts/application.html.erb (Duration: 258.7ms | Allocations: 66101)
Completed 200 OK in 262ms (Views: 261.3ms | ActiveRecord: 0.0ms | Allocations: 66987)


Started GET "/tasks" for 127.0.0.1 at 2024-02-20 15:13:10 +0100
Processing by TasksController#index as HTML
Completed 500 Internal Server Error in 3ms (ActiveRecord: 0.0ms | Allocations: 3106)


  
NameError (undefined local variable or method `tasks' for #<TasksController:0x000000000085c0>

    @tasks = tasks.all
             ^^^^^
Did you mean?  tasks_url):
  
app/controllers/tasks_controller.rb:3:in `index'
Started GET "/index" for 127.0.0.1 at 2024-02-20 15:13:14 +0100
  
ActionController::RoutingError (No route matches [GET] "/index"):
  
Started GET "/index" for 127.0.0.1 at 2024-02-20 15:14:29 +0100
  
ActionController::RoutingError (No route matches [GET] "/index"):
  
Started GET "/index" for 127.0.0.1 at 2024-02-20 15:14:30 +0100
  
ActionController::RoutingError (No route matches [GET] "/index"):
  
Started GET "/index" for 127.0.0.1 at 2024-02-20 15:14:30 +0100
  
ActionController::RoutingError (No route matches [GET] "/index"):
  
Started GET "/tasks" for 127.0.0.1 at 2024-02-20 15:14:34 +0100
Processing by TasksController#index as HTML
Completed 500 Internal Server Error in 4ms (ActiveRecord: 0.0ms | Allocations: 3020)


  
NameError (undefined local variable or method `tasks' for #<TasksController:0x0000000000a078>

    @tasks = tasks.all
             ^^^^^
Did you mean?  tasks_url):
  
app/controllers/tasks_controller.rb:3:in `index'
Started GET "/tasks" for 127.0.0.1 at 2024-02-20 15:15:02 +0100
Processing by TasksController#index as HTML
Completed 500 Internal Server Error in 2ms (ActiveRecord: 0.0ms | Allocations: 2507)


  
NameError (uninitialized constant TasksController::Tasks

    @tasks = Tasks.all
             ^^^^^):
  
app/controllers/tasks_controller.rb:3:in `index'
Started GET "/tasks" for 127.0.0.1 at 2024-02-20 15:15:34 +0100
Processing by TasksController#index as HTML
  Rendering layout layouts/application.html.erb
  Rendering tasks/index.html.erb within layouts/application
  Rendered tasks/index.html.erb within layouts/application (Duration: 0.4ms | Allocations: 111)
  Rendered layout layouts/application.html.erb (Duration: 10.8ms | Allocations: 14666)
Completed 200 OK in 13ms (Views: 12.0ms | ActiveRecord: 0.0ms | Allocations: 15692)


Started GET "/tasks" for 127.0.0.1 at 2024-02-20 15:17:43 +0100
Processing by TasksController#index as HTML
Completed 500 Internal Server Error in 5ms (ActiveRecord: 0.0ms | Allocations: 2428)


  
NameError (uninitialized constant TasksController::Tasks

    @tasks = Tasks.all
             ^^^^^):
  
app/controllers/tasks_controller.rb:3:in `index'
Started POST "/__web_console/repl_sessions/5df583424e120c2eab90e9de8ba88e66/trace" for 127.0.0.1 at 2024-02-20 15:17:49 +0100
Started GET "/tasks" for 127.0.0.1 at 2024-02-20 15:19:10 +0100
Processing by TasksController#index as HTML
  Rendering layout layouts/application.html.erb
  Rendering tasks/index.html.erb within layouts/application
  [1m[36mTask Load (0.1ms)[0m  [1m[34mSELECT "tasks".* FROM "tasks"[0m
  ↳ app/views/tasks/index.html.erb:4
  Rendered tasks/index.html.erb within layouts/application (Duration: 29.9ms | Allocations: 11683)
  Rendered layout layouts/application.html.erb (Duration: 38.8ms | Allocations: 26292)
Completed 200 OK in 113ms (Views: 38.2ms | ActiveRecord: 1.7ms | Allocations: 33991)


Started GET "/tasks" for 127.0.0.1 at 2024-02-20 15:25:06 +0100
Processing by TasksController#index as HTML
  Rendering layout layouts/application.html.erb
  Rendering tasks/index.html.erb within layouts/application
  [1m[36mTask Load (1.2ms)[0m  [1m[34mSELECT "tasks".* FROM "tasks"[0m
  ↳ app/views/tasks/index.html.erb:4
  Rendered tasks/index.html.erb within layouts/application (Duration: 6.5ms | Allocations: 3794)
  Rendered layout layouts/application.html.erb (Duration: 15.7ms | Allocations: 18269)
Completed 200 OK in 19ms (Views: 15.3ms | ActiveRecord: 1.9ms | Allocations: 19993)


Started GET "/tasks" for 127.0.0.1 at 2024-02-20 15:25:09 +0100
Processing by TasksController#index as HTML
  Rendering layout layouts/application.html.erb
  Rendering tasks/index.html.erb within layouts/application
  [1m[36mTask Load (0.1ms)[0m  [1m[34mSELECT "tasks".* FROM "tasks"[0m
  ↳ app/views/tasks/index.html.erb:4
  Rendered tasks/index.html.erb within layouts/application (Duration: 1.7ms | Allocations: 703)
  Rendered layout layouts/application.html.erb (Duration: 3.9ms | Allocations: 2041)
Completed 200 OK in 5ms (Views: 4.3ms | ActiveRecord: 0.1ms | Allocations: 2318)


Started GET "/tasks" for 127.0.0.1 at 2024-02-20 15:25:24 +0100
Processing by TasksController#index as HTML
  Rendering layout layouts/application.html.erb
  Rendering tasks/index.html.erb within layouts/application
  [1m[36mTask Load (0.1ms)[0m  [1m[34mSELECT "tasks".* FROM "tasks"[0m
  ↳ app/views/tasks/index.html.erb:4
  Rendered tasks/index.html.erb within layouts/application (Duration: 4.9ms | Allocations: 4266)
  Rendered layout layouts/application.html.erb (Duration: 21.7ms | Allocations: 18771)
Completed 200 OK in 25ms (Views: 21.7ms | ActiveRecord: 1.4ms | Allocations: 20499)


Started GET "/show" for 127.0.0.1 at 2024-02-20 15:32:54 +0100
  
ActionController::RoutingError (No route matches [GET] "/show"):
  
Started GET "/tasks" for 127.0.0.1 at 2024-02-20 15:33:43 +0100
Processing by TasksController#index as HTML
  Rendering layout layouts/application.html.erb
  Rendering tasks/index.html.erb within layouts/application
  [1m[36mTask Load (4.6ms)[0m  [1m[34mSELECT "tasks".* FROM "tasks"[0m
  ↳ app/views/tasks/index.html.erb:4
  Rendered tasks/index.html.erb within layouts/application (Duration: 8.5ms | Allocations: 3826)
  Rendered layout layouts/application.html.erb (Duration: 25.3ms | Allocations: 18390)
Completed 200 OK in 29ms (Views: 20.0ms | ActiveRecord: 6.7ms | Allocations: 20120)


Started GET "/task" for 127.0.0.1 at 2024-02-20 15:33:46 +0100
  
ActionController::RoutingError (No route matches [GET] "/task"):
  
Started GET "/task/1" for 127.0.0.1 at 2024-02-20 15:33:52 +0100
Processing by TasksController#show as HTML
  Parameters: {"id"=>"1"}
  [1m[36mTask Load (0.2ms)[0m  [1m[34mSELECT "tasks".* FROM "tasks" WHERE "tasks"."id" = ? LIMIT ?[0m  [["id", 1], ["LIMIT", 1]]
  ↳ app/controllers/tasks_controller.rb:6:in `show'
Completed 500 Internal Server Error in 48ms (ActiveRecord: 0.2ms | Allocations: 3112)


  
RuntimeError ():
  
app/controllers/tasks_controller.rb:7:in `show'
Started GET "/task/1" for 127.0.0.1 at 2024-02-20 15:37:13 +0100
Processing by TasksController#show as HTML
  Parameters: {"id"=>"1"}
  [1m[36mTask Load (0.1ms)[0m  [1m[34mSELECT "tasks".* FROM "tasks" WHERE "tasks"."id" = ? LIMIT ?[0m  [["id", 1], ["LIMIT", 1]]
  ↳ app/controllers/tasks_controller.rb:6:in `show'
Completed 500 Internal Server Error in 8ms (ActiveRecord: 2.3ms | Allocations: 5634)


  
RuntimeError ():
  
app/controllers/tasks_controller.rb:7:in `show'
Started GET "/task/1" for 127.0.0.1 at 2024-02-20 15:37:21 +0100
Processing by TasksController#show as HTML
  Parameters: {"id"=>"1"}
  [1m[36mTask Load (0.1ms)[0m  [1m[34mSELECT "tasks".* FROM "tasks" WHERE "tasks"."id" = ? LIMIT ?[0m  [["id", 1], ["LIMIT", 1]]
  ↳ app/controllers/tasks_controller.rb:6:in `show'
  Rendering layout layouts/application.html.erb
  Rendering tasks/show.html.erb within layouts/application
  Rendered tasks/show.html.erb within layouts/application (Duration: 5.9ms | Allocations: 6184)
  Rendered layout layouts/application.html.erb (Duration: 6.2ms | Allocations: 6273)
Completed 500 Internal Server Error in 16ms (ActiveRecord: 3.9ms | Allocations: 12518)


  
ActionView::Template::Error (undefined method `complate' for #<Task id: 1, title: "Laundry", details: "Do not mix colors!", completed: nil, created_at: "2024-02-20 14:02:28.562512000 +0000", updated_at: "2024-02-20 14:02:28.562512000 +0000">
Did you mean?  completed):
    1: <h2><%= @task.title %></h2>
    2: <p><%= @task.complate %></p>
  
app/views/tasks/show.html.erb:2
Started GET "/task/1" for 127.0.0.1 at 2024-02-20 15:37:33 +0100
Processing by TasksController#show as HTML
  Parameters: {"id"=>"1"}
  [1m[36mTask Load (0.1ms)[0m  [1m[34mSELECT "tasks".* FROM "tasks" WHERE "tasks"."id" = ? LIMIT ?[0m  [["id", 1], ["LIMIT", 1]]
  ↳ app/controllers/tasks_controller.rb:6:in `show'
  Rendering layout layouts/application.html.erb
  Rendering tasks/show.html.erb within layouts/application
  Rendered tasks/show.html.erb within layouts/application (Duration: 0.4ms | Allocations: 140)
  Rendered layout layouts/application.html.erb (Duration: 14.2ms | Allocations: 14710)
Completed 200 OK in 22ms (Views: 15.4ms | ActiveRecord: 1.4ms | Allocations: 20980)


Started GET "/task/1" for 127.0.0.1 at 2024-02-20 15:49:18 +0100
Processing by TasksController#show as HTML
  Parameters: {"id"=>"1"}
  [1m[36mTask Load (2.4ms)[0m  [1m[34mSELECT "tasks".* FROM "tasks" WHERE "tasks"."id" = ? LIMIT ?[0m  [["id", 1], ["LIMIT", 1]]
  ↳ app/controllers/tasks_controller.rb:6:in `show'
  Rendering layout layouts/application.html.erb
  Rendering tasks/show.html.erb within layouts/application
  Rendered tasks/show.html.erb within layouts/application (Duration: 5.0ms | Allocations: 4302)
  Rendered layout layouts/application.html.erb (Duration: 5.2ms | Allocations: 4391)
Completed 500 Internal Server Error in 21ms (ActiveRecord: 3.7ms | Allocations: 10053)


  
ActionView::Template::Error (undefined local variable or method `task' for #<ActionView::Base:0x00000000015c98>

<li>'.freeze; @output_buffer.append=( check_box_tag :completed, 1, task.completed ); @output_buffer.append=( task.title ); @output_buffer.safe_append='  '.freeze; @output_buffer.append=( task.details );
                                                                   ^^^^
Did you mean?  @task):
    1: <h1>single task</h1>
    2: <li><%= check_box_tag :completed, 1, task.completed %><%= task.title %>  <%= task.details %>
  
app/views/tasks/show.html.erb:2
Started GET "/task/1" for 127.0.0.1 at 2024-02-20 15:49:41 +0100
Processing by TasksController#show as HTML
  Parameters: {"id"=>"1"}
  [1m[36mTask Load (0.1ms)[0m  [1m[34mSELECT "tasks".* FROM "tasks" WHERE "tasks"."id" = ? LIMIT ?[0m  [["id", 1], ["LIMIT", 1]]
  ↳ app/controllers/tasks_controller.rb:6:in `show'
  Rendering layout layouts/application.html.erb
  Rendering tasks/show.html.erb within layouts/application
  Rendered tasks/show.html.erb within layouts/application (Duration: 4.2ms | Allocations: 4236)
  Rendered layout layouts/application.html.erb (Duration: 4.5ms | Allocations: 4325)
Completed 500 Internal Server Error in 12ms (ActiveRecord: 1.6ms | Allocations: 10560)


  
ActionView::Template::Error (undefined local variable or method `task' for #<ActionView::Base:0x00000000016eb8>

<li> '.freeze; @output_buffer.append=( task.details );
                                       ^^^^
Did you mean?  @task):
    1: <h1>single task</h1>
    2: <li> <%= task.details %>
  
app/views/tasks/show.html.erb:2
Started GET "/task/1" for 127.0.0.1 at 2024-02-20 15:50:04 +0100
Processing by TasksController#show as HTML
  Parameters: {"id"=>"1"}
  [1m[36mTask Load (0.1ms)[0m  [1m[34mSELECT "tasks".* FROM "tasks" WHERE "tasks"."id" = ? LIMIT ?[0m  [["id", 1], ["LIMIT", 1]]
  ↳ app/controllers/tasks_controller.rb:6:in `show'
  Rendering layout layouts/application.html.erb
  Rendering tasks/show.html.erb within layouts/application
  Rendered tasks/show.html.erb within layouts/application (Duration: 0.4ms | Allocations: 141)
  Rendered layout layouts/application.html.erb (Duration: 13.6ms | Allocations: 14701)
Completed 200 OK in 23ms (Views: 14.9ms | ActiveRecord: 1.7ms | Allocations: 20913)


Started GET "/task/1" for 127.0.0.1 at 2024-02-20 15:50:40 +0100
Processing by TasksController#show as HTML
  Parameters: {"id"=>"1"}
  [1m[36mTask Load (0.1ms)[0m  [1m[34mSELECT "tasks".* FROM "tasks" WHERE "tasks"."id" = ? LIMIT ?[0m  [["id", 1], ["LIMIT", 1]]
  ↳ app/controllers/tasks_controller.rb:6:in `show'
  Rendering layout layouts/application.html.erb
  Rendering tasks/show.html.erb within layouts/application
  Rendered tasks/show.html.erb within layouts/application (Duration: 8.0ms | Allocations: 6058)
  Rendered layout layouts/application.html.erb (Duration: 8.3ms | Allocations: 6147)
Completed 500 Internal Server Error in 17ms (ActiveRecord: 1.8ms | Allocations: 12268)


  
ActionView::Template::Error (undefined method `complated' for #<Task id: 1, title: "Laundry", details: "Do not mix colors!", completed: nil, created_at: "2024-02-20 14:02:28.562512000 +0000", updated_at: "2024-02-20 14:02:28.562512000 +0000">
Did you mean?  completed
               completed=
               completed?):
    1: <h2><%= @task.title %></h2>
    2: 
    3: <h1><%= @task.complated %></h1>
  
app/views/tasks/show.html.erb:3
Started GET "/task/1" for 127.0.0.1 at 2024-02-20 15:50:58 +0100
Processing by TasksController#show as HTML
  Parameters: {"id"=>"1"}
  [1m[36mTask Load (0.1ms)[0m  [1m[34mSELECT "tasks".* FROM "tasks" WHERE "tasks"."id" = ? LIMIT ?[0m  [["id", 1], ["LIMIT", 1]]
  ↳ app/controllers/tasks_controller.rb:6:in `show'
  Rendering layout layouts/application.html.erb
  Rendering tasks/show.html.erb within layouts/application
  Rendered tasks/show.html.erb within layouts/application (Duration: 0.4ms | Allocations: 157)
  Rendered layout layouts/application.html.erb (Duration: 9.9ms | Allocations: 14716)
Completed 200 OK in 18ms (Views: 11.3ms | ActiveRecord: 1.3ms | Allocations: 20982)


Started GET "/task/1" for 127.0.0.1 at 2024-02-20 15:52:33 +0100
Processing by TasksController#show as HTML
  Parameters: {"id"=>"1"}
  [1m[36mTask Load (0.1ms)[0m  [1m[34mSELECT "tasks".* FROM "tasks" WHERE "tasks"."id" = ? LIMIT ?[0m  [["id", 1], ["LIMIT", 1]]
  ↳ app/controllers/tasks_controller.rb:6:in `show'
  Rendering layout layouts/application.html.erb
  Rendering tasks/show.html.erb within layouts/application
  Rendered tasks/show.html.erb within layouts/application (Duration: 0.4ms | Allocations: 159)
  Rendered layout layouts/application.html.erb (Duration: 11.2ms | Allocations: 14722)
Completed 200 OK in 27ms (Views: 12.4ms | ActiveRecord: 1.9ms | Allocations: 20897)


Started GET "/task/1" for 127.0.0.1 at 2024-02-20 15:52:35 +0100
Processing by TasksController#show as HTML
  Parameters: {"id"=>"1"}
  [1m[36mTask Load (0.1ms)[0m  [1m[34mSELECT "tasks".* FROM "tasks" WHERE "tasks"."id" = ? LIMIT ?[0m  [["id", 1], ["LIMIT", 1]]
  ↳ app/controllers/tasks_controller.rb:6:in `show'
  Rendering layout layouts/application.html.erb
  Rendering tasks/show.html.erb within layouts/application
  Rendered tasks/show.html.erb within layouts/application (Duration: 0.0ms | Allocations: 9)
  Rendered layout layouts/application.html.erb (Duration: 1.6ms | Allocations: 1342)
Completed 200 OK in 3ms (Views: 1.9ms | ActiveRecord: 0.1ms | Allocations: 2179)


Started GET "/task/1" for 127.0.0.1 at 2024-02-20 15:53:18 +0100
Processing by TasksController#show as HTML
  Parameters: {"id"=>"1"}
  [1m[36mTask Load (0.1ms)[0m  [1m[34mSELECT "tasks".* FROM "tasks" WHERE "tasks"."id" = ? LIMIT ?[0m  [["id", 1], ["LIMIT", 1]]
  ↳ app/controllers/tasks_controller.rb:6:in `show'
  Rendering layout layouts/application.html.erb
  Rendering tasks/show.html.erb within layouts/application
  Rendered tasks/show.html.erb within layouts/application (Duration: 4.2ms | Allocations: 4356)
  Rendered layout layouts/application.html.erb (Duration: 4.5ms | Allocations: 4445)
Completed 500 Internal Server Error in 15ms (ActiveRecord: 2.4ms | Allocations: 10564)


  
ActionView::Template::Error (undefined local variable or method `task' for #<ActionView::Base:0x0000000001c318>

<h1>'.freeze; @output_buffer.append=( check_box_tag :completed, 1, task.completed ); @output_buffer.safe_append='</h1>
                                                                   ^^^^
Did you mean?  @task):
    1: <h2><%= @task.title %></h2>
    2: 
    3: <h1><%= @task.completed %></h1>
    4: <h1><%= check_box_tag :completed, 1, task.completed %></h1>
  
app/views/tasks/show.html.erb:4
Started GET "/index" for 127.0.0.1 at 2024-02-20 15:53:23 +0100
  
ActionController::RoutingError (No route matches [GET] "/index"):
  
Started GET "/tasks" for 127.0.0.1 at 2024-02-20 15:53:29 +0100
Processing by TasksController#index as HTML
  Rendering layout layouts/application.html.erb
  Rendering tasks/index.html.erb within layouts/application
  [1m[36mTask Load (0.1ms)[0m  [1m[34mSELECT "tasks".* FROM "tasks"[0m
  ↳ app/views/tasks/index.html.erb:4
  Rendered tasks/index.html.erb within layouts/application (Duration: 2.2ms | Allocations: 985)
  Rendered layout layouts/application.html.erb (Duration: 15.2ms | Allocations: 15450)
Completed 200 OK in 18ms (Views: 16.5ms | ActiveRecord: 0.1ms | Allocations: 15802)


Started GET "/tasks" for 127.0.0.1 at 2024-02-20 15:53:51 +0100
Processing by TasksController#index as HTML
  Rendering layout layouts/application.html.erb
  Rendering tasks/index.html.erb within layouts/application
  [1m[36mTask Load (0.1ms)[0m  [1m[34mSELECT "tasks".* FROM "tasks"[0m
  ↳ app/views/tasks/index.html.erb:4
  Rendered tasks/index.html.erb within layouts/application (Duration: 5.2ms | Allocations: 4306)
  Rendered layout layouts/application.html.erb (Duration: 14.5ms | Allocations: 18788)
Completed 200 OK in 17ms (Views: 14.3ms | ActiveRecord: 1.4ms | Allocations: 20514)


Started GET "/task/1" for 127.0.0.1 at 2024-02-20 15:54:15 +0100
Processing by TasksController#show as HTML
  Parameters: {"id"=>"1"}
  [1m[36mTask Load (0.1ms)[0m  [1m[34mSELECT "tasks".* FROM "tasks" WHERE "tasks"."id" = ? LIMIT ?[0m  [["id", 1], ["LIMIT", 1]]
  ↳ app/controllers/tasks_controller.rb:6:in `show'
  Rendering layout layouts/application.html.erb
  Rendering tasks/show.html.erb within layouts/application
  Rendered tasks/show.html.erb within layouts/application (Duration: 3.6ms | Allocations: 4554)
  Rendered layout layouts/application.html.erb (Duration: 3.7ms | Allocations: 4643)
Completed 500 Internal Server Error in 12ms (ActiveRecord: 1.5ms | Allocations: 10818)


  
ActionView::Template::Error (undefined local variable or method `task' for #<ActionView::Base:0x0000000001e9b0>

 <li>'.freeze; @output_buffer.append=( check_box_tag :completed, 1, @task.completed ); @output_buffer.append=( @task.title ); @output_buffer.safe_append='  '.freeze; @output_buffer.append=( task.details );
                                                                                                                                                                                              ^^^^
Did you mean?  @task):
    5: 
    6: 
    7: 
    8:  <li><%= check_box_tag :completed, 1, @task.completed %><%= @task.title %>  <%= task.details %>
  
app/views/tasks/show.html.erb:8
Started GET "/task/1" for 127.0.0.1 at 2024-02-20 15:54:28 +0100
Processing by TasksController#show as HTML
  Parameters: {"id"=>"1"}
  [1m[36mTask Load (1.1ms)[0m  [1m[34mSELECT "tasks".* FROM "tasks" WHERE "tasks"."id" = ? LIMIT ?[0m  [["id", 1], ["LIMIT", 1]]
  ↳ app/controllers/tasks_controller.rb:6:in `show'
  Rendering layout layouts/application.html.erb
  Rendering tasks/show.html.erb within layouts/application
  Rendered tasks/show.html.erb within layouts/application (Duration: 4.2ms | Allocations: 4405)
  Rendered layout layouts/application.html.erb (Duration: 200.3ms | Allocations: 4488)
Completed 500 Internal Server Error in 1002ms (ActiveRecord: 1.7ms | Allocations: 5618)


  
ActionView::Template::Error (undefined local variable or method `task' for #<ActionView::Base:0x0000000001ea78>

 <li>'.freeze; @output_buffer.append=( check_box_tag :completed, 1, @task.completed ); @output_buffer.append=( @task.title ); @output_buffer.safe_append='  '.freeze; @output_buffer.append=( task.details );
                                                                                                                                                                                              ^^^^
Did you mean?  @task):
    5: 
    6: 
    7: 
    8:  <li><%= check_box_tag :completed, 1, @task.completed %><%= @task.title %>  <%= task.details %>
  
app/views/tasks/show.html.erb:8
Started GET "/task/1" for 127.0.0.1 at 2024-02-20 15:54:57 +0100
Started GET "/task/1" for 127.0.0.1 at 2024-02-20 15:58:25 +0100
  [1m[36mActiveRecord::SchemaMigration Load (0.1ms)[0m  [1m[34mSELECT "schema_migrations"."version" FROM "schema_migrations" ORDER BY "schema_migrations"."version" ASC[0m
Processing by TasksController#show as HTML
  Parameters: {"id"=>"1"}
  [1m[36mTask Load (0.1ms)[0m  [1m[34mSELECT "tasks".* FROM "tasks" WHERE "tasks"."id" = ? LIMIT ?[0m  [["id", 1], ["LIMIT", 1]]
  ↳ app/controllers/tasks_controller.rb:6:in `show'
  Rendering layout layouts/application.html.erb
  Rendering tasks/show.html.erb within layouts/application
  Rendered tasks/show.html.erb within layouts/application (Duration: 0.6ms | Allocations: 236)
  Rendered layout layouts/application.html.erb (Duration: 130.6ms | Allocations: 28044)
Completed 200 OK in 201ms (Views: 134.5ms | ActiveRecord: 3.6ms | Allocations: 50470)


Started GET "/task/1" for 127.0.0.1 at 2024-02-20 15:58:36 +0100
Processing by TasksController#show as HTML
  Parameters: {"id"=>"1"}
  [1m[36mTask Load (0.1ms)[0m  [1m[34mSELECT "tasks".* FROM "tasks" WHERE "tasks"."id" = ? LIMIT ?[0m  [["id", 1], ["LIMIT", 1]]
  ↳ app/controllers/tasks_controller.rb:6:in `show'
  Rendering layout layouts/application.html.erb
  Rendering tasks/show.html.erb within layouts/application
  Rendered tasks/show.html.erb within layouts/application (Duration: 5.3ms | Allocations: 4939)
  Rendered layout layouts/application.html.erb (Duration: 5.6ms | Allocations: 5036)
Completed 500 Internal Server Error in 15ms (ActiveRecord: 1.8ms | Allocations: 11245)


  
ActionView::Template::Error (undefined local variable or method `task' for #<ActionView::Base:0x00000000007df0>

 <li>'.freeze; @output_buffer.append=( check_box_tag :completed, 1, @task.completed ); @output_buffer.append=( @task.title ); @output_buffer.safe_append='  '.freeze; @output_buffer.append=( task.details );
                                                                                                                                                                                              ^^^^
Did you mean?  @task):
    5: 
    6: 
    7: 
    8:  <li><%= check_box_tag :completed, 1, @task.completed %><%= @task.title %>  <%= task.details %>
  
app/views/tasks/show.html.erb:8
Started GET "/" for 127.0.0.1 at 2024-02-20 16:00:46 +0100
  [1m[36mActiveRecord::SchemaMigration Load (0.1ms)[0m  [1m[34mSELECT "schema_migrations"."version" FROM "schema_migrations" ORDER BY "schema_migrations"."version" ASC[0m
Processing by Rails::WelcomeController#index as HTML
  Rendering /home/tarik/.rbenv/versions/3.1.2/lib/ruby/gems/3.1.0/gems/railties-7.1.3/lib/rails/templates/rails/welcome/index.html.erb
  Rendered /home/tarik/.rbenv/versions/3.1.2/lib/ruby/gems/3.1.0/gems/railties-7.1.3/lib/rails/templates/rails/welcome/index.html.erb (Duration: 1.5ms | Allocations: 383)
Completed 200 OK in 25ms (Views: 4.7ms | ActiveRecord: 0.0ms | Allocations: 3752)


Started GET "/tasks" for 127.0.0.1 at 2024-02-20 16:00:51 +0100
Processing by TasksController#index as HTML
  Rendering layout layouts/application.html.erb
  Rendering tasks/index.html.erb within layouts/application
  [1m[36mTask Load (0.1ms)[0m  [1m[34mSELECT "tasks".* FROM "tasks"[0m
  ↳ app/views/tasks/index.html.erb:4
  Rendered tasks/index.html.erb within layouts/application (Duration: 33.5ms | Allocations: 11857)
  Rendered layout layouts/application.html.erb (Duration: 89.1ms | Allocations: 39375)
Completed 200 OK in 103ms (Views: 88.6ms | ActiveRecord: 1.8ms | Allocations: 46134)


Started GET "/task/1" for 127.0.0.1 at 2024-02-20 16:01:01 +0100
Processing by TasksController#show as HTML
  Parameters: {"id"=>"1"}
  [1m[36mTask Load (0.2ms)[0m  [1m[34mSELECT "tasks".* FROM "tasks" WHERE "tasks"."id" = ? LIMIT ?[0m  [["id", 1], ["LIMIT", 1]]
  ↳ app/controllers/tasks_controller.rb:6:in `show'
  Rendering layout layouts/application.html.erb
  Rendering tasks/show.html.erb within layouts/application
  Rendered tasks/show.html.erb within layouts/application (Duration: 0.6ms | Allocations: 144)
  Rendered layout layouts/application.html.erb (Duration: 2.4ms | Allocations: 1676)
Completed 200 OK in 7ms (Views: 2.8ms | ActiveRecord: 0.2ms | Allocations: 4514)


Started GET "/task/1" for 127.0.0.1 at 2024-02-20 16:01:20 +0100
Processing by TasksController#show as HTML
  Parameters: {"id"=>"1"}
  [1m[36mTask Load (0.1ms)[0m  [1m[34mSELECT "tasks".* FROM "tasks" WHERE "tasks"."id" = ? LIMIT ?[0m  [["id", 1], ["LIMIT", 1]]
  ↳ app/controllers/tasks_controller.rb:6:in `show'
  Rendering layout layouts/application.html.erb
  Rendering tasks/show.html.erb within layouts/application
  Rendered tasks/show.html.erb within layouts/application (Duration: 0.5ms | Allocations: 159)
  Rendered layout layouts/application.html.erb (Duration: 10.1ms | Allocations: 14710)
Completed 200 OK in 26ms (Views: 11.3ms | ActiveRecord: 1.6ms | Allocations: 20911)


Started GET "/task/1" for 127.0.0.1 at 2024-02-20 16:02:02 +0100
Processing by TasksController#show as HTML
  Parameters: {"id"=>"1"}
  [1m[36mTask Load (0.1ms)[0m  [1m[34mSELECT "tasks".* FROM "tasks" WHERE "tasks"."id" = ? LIMIT ?[0m  [["id", 1], ["LIMIT", 1]]
  ↳ app/controllers/tasks_controller.rb:6:in `show'
  Rendering layout layouts/application.html.erb
  Rendering tasks/show.html.erb within layouts/application
  Rendered tasks/show.html.erb within layouts/application (Duration: 3.8ms | Allocations: 4688)
  Rendered layout layouts/application.html.erb (Duration: 4.0ms | Allocations: 4785)
Completed 500 Internal Server Error in 12ms (ActiveRecord: 1.4ms | Allocations: 10920)


  
ActionView::Template::Error (undefined local variable or method `task' for #<ActionView::Base:0x00000000008c78>

<h2>'.freeze; @output_buffer.append=( check_box_tag :completed, 1, task.completed ); @output_buffer.safe_append='   </h2>
                                                                   ^^^^
Did you mean?  @task):
    1: <h2><%= @task.title %></h2>#
    2: <h2><%= check_box_tag :completed, 1, task.completed %>   </h2>
  
app/views/tasks/show.html.erb:2
Started GET "/task/1" for 127.0.0.1 at 2024-02-20 16:02:12 +0100
Processing by TasksController#show as HTML
  Parameters: {"id"=>"1"}
  [1m[36mTask Load (0.3ms)[0m  [1m[34mSELECT "tasks".* FROM "tasks" WHERE "tasks"."id" = ? LIMIT ?[0m  [["id", 1], ["LIMIT", 1]]
  ↳ app/controllers/tasks_controller.rb:6:in `show'
  Rendering layout layouts/application.html.erb
  Rendering tasks/show.html.erb within layouts/application
  Rendered tasks/show.html.erb within layouts/application (Duration: 0.6ms | Allocations: 196)
  Rendered layout layouts/application.html.erb (Duration: 14.0ms | Allocations: 14749)
Completed 200 OK in 23ms (Views: 15.2ms | ActiveRecord: 1.4ms | Allocations: 21020)


Started GET "/task/1" for 127.0.0.1 at 2024-02-20 16:02:45 +0100
Processing by TasksController#show as HTML
  Parameters: {"id"=>"1"}
  [1m[36mTask Load (0.1ms)[0m  [1m[34mSELECT "tasks".* FROM "tasks" WHERE "tasks"."id" = ? LIMIT ?[0m  [["id", 1], ["LIMIT", 1]]
  ↳ app/controllers/tasks_controller.rb:6:in `show'
  Rendering layout layouts/application.html.erb
  Rendering tasks/show.html.erb within layouts/application
  Rendered tasks/show.html.erb within layouts/application (Duration: 1.3ms | Allocations: 196)
  Rendered layout layouts/application.html.erb (Duration: 10.1ms | Allocations: 14668)
Completed 200 OK in 19ms (Views: 11.9ms | ActiveRecord: 1.6ms | Allocations: 20860)


Started GET "/task/1" for 127.0.0.1 at 2024-02-20 16:05:36 +0100
Processing by TasksController#show as HTML
  Parameters: {"id"=>"1"}
  [1m[36mTask Load (0.1ms)[0m  [1m[34mSELECT "tasks".* FROM "tasks" WHERE "tasks"."id" = ? LIMIT ?[0m  [["id", 1], ["LIMIT", 1]]
  ↳ app/controllers/tasks_controller.rb:6:in `show'
  Rendering layout layouts/application.html.erb
  Rendering tasks/show.html.erb within layouts/application
  Rendered tasks/show.html.erb within layouts/application (Duration: 0.5ms | Allocations: 209)
  Rendered layout layouts/application.html.erb (Duration: 9.2ms | Allocations: 14770)
Completed 200 OK in 17ms (Views: 10.4ms | ActiveRecord: 1.7ms | Allocations: 20949)


Started GET "/task/1" for 127.0.0.1 at 2024-02-20 16:06:24 +0100
Processing by TasksController#show as HTML
  Parameters: {"id"=>"1"}
  [1m[36mTask Load (0.1ms)[0m  [1m[34mSELECT "tasks".* FROM "tasks" WHERE "tasks"."id" = ? LIMIT ?[0m  [["id", 1], ["LIMIT", 1]]
  ↳ app/controllers/tasks_controller.rb:6:in `show'
  Rendering layout layouts/application.html.erb
  Rendering tasks/show.html.erb within layouts/application
  Rendered tasks/show.html.erb within layouts/application (Duration: 0.5ms | Allocations: 222)
  Rendered layout layouts/application.html.erb (Duration: 8.1ms | Allocations: 14699)
Completed 200 OK in 17ms (Views: 9.2ms | ActiveRecord: 1.3ms | Allocations: 20857)


Started GET "/tasks" for 127.0.0.1 at 2024-02-20 16:10:17 +0100
Processing by TasksController#index as HTML
  Rendering layout layouts/application.html.erb
  Rendering tasks/index.html.erb within layouts/application
  [1m[36mTask Load (0.1ms)[0m  [1m[34mSELECT "tasks".* FROM "tasks"[0m
  ↳ app/views/tasks/index.html.erb:4
  Rendered tasks/index.html.erb within layouts/application (Duration: 9.4ms | Allocations: 8255)
  Rendered layout layouts/application.html.erb (Duration: 9.6ms | Allocations: 8342)
Completed 500 Internal Server Error in 13ms (ActiveRecord: 1.5ms | Allocations: 10037)


  
ActionView::Template::Error (undefined method `task_path' for #<ActionView::Base:0x0000000000d3e0>

    '.freeze; @output_buffer.append=( link_to task.title, task_path(task) ); @output_buffer.safe_append='
                                                          ^^^^^^^^^
Did you mean?  tasks_path):
    4:   <% @tasks.each do |task| %>
    5:     <li><%= check_box_tag :completed, 1, task.completed %>
    6: 
    7:     <%= link_to task.title, task_path(task) %>
    8:     <%= task.title %>
    9: 
   10: 
  
app/views/tasks/index.html.erb:7
app/views/tasks/index.html.erb:4
Started GET "/tasks" for 127.0.0.1 at 2024-02-20 16:10:17 +0100
Processing by TasksController#index as HTML
  Rendering layout layouts/application.html.erb
  Rendering tasks/index.html.erb within layouts/application
  [1m[36mTask Load (0.1ms)[0m  [1m[34mSELECT "tasks".* FROM "tasks"[0m
  ↳ app/views/tasks/index.html.erb:4
  Rendered tasks/index.html.erb within layouts/application (Duration: 5.5ms | Allocations: 4667)
  Rendered layout layouts/application.html.erb (Duration: 5.9ms | Allocations: 4766)
Completed 500 Internal Server Error in 7ms (ActiveRecord: 0.1ms | Allocations: 5029)


  
ActionView::Template::Error (undefined method `task_path' for #<ActionView::Base:0x0000000000d700>

    '.freeze; @output_buffer.append=( link_to task.title, task_path(task) ); @output_buffer.safe_append='
                                                          ^^^^^^^^^
Did you mean?  tasks_path):
    4:   <% @tasks.each do |task| %>
    5:     <li><%= check_box_tag :completed, 1, task.completed %>
    6: 
    7:     <%= link_to task.title, task_path(task) %>
    8:     <%= task.title %>
    9: 
   10: 
  
app/views/tasks/index.html.erb:7
app/views/tasks/index.html.erb:4
Started GET "/tasks" for 127.0.0.1 at 2024-02-20 16:11:58 +0100
Processing by TasksController#index as HTML
  Rendering layout layouts/application.html.erb
  Rendering tasks/index.html.erb within layouts/application
  [1m[36mTask Load (0.1ms)[0m  [1m[34mSELECT "tasks".* FROM "tasks"[0m
  ↳ app/views/tasks/index.html.erb:4
  Rendered tasks/index.html.erb within layouts/application (Duration: 9.2ms | Allocations: 8492)
  Rendered layout layouts/application.html.erb (Duration: 9.5ms | Allocations: 8579)
Completed 500 Internal Server Error in 13ms (ActiveRecord: 1.6ms | Allocations: 10274)


  
ActionView::Template::Error (undefined local variable or method `show' for #<ActionView::Base:0x0000000000e7e0>

    '.freeze; @output_buffer.append=( link_to task.title, task_path(show) ); @output_buffer.safe_append='
                                                                    ^^^^):
    4:   <% @tasks.each do |task| %>
    5:     <li><%= check_box_tag :completed, 1, task.completed %>
    6: 
    7:     <%= link_to task.title, task_path(show) %>
    8:     <%= task.title %>
    9: 
   10: 
  
app/views/tasks/index.html.erb:7
app/views/tasks/index.html.erb:4
Started GET "/tasks" for 127.0.0.1 at 2024-02-20 16:13:07 +0100
Processing by TasksController#index as HTML
  Rendering layout layouts/application.html.erb
  Rendering tasks/index.html.erb within layouts/application
  [1m[36mTask Load (0.1ms)[0m  [1m[34mSELECT "tasks".* FROM "tasks"[0m
  ↳ app/views/tasks/index.html.erb:4
  Rendered tasks/index.html.erb within layouts/application (Duration: 13.2ms | Allocations: 8287)
  Rendered layout layouts/application.html.erb (Duration: 13.5ms | Allocations: 8374)
Completed 500 Internal Server Error in 19ms (ActiveRecord: 1.9ms | Allocations: 10069)


  
ActionView::Template::Error (undefined method `task_path' for #<ActionView::Base:0x0000000000f8e8>

    '.freeze; @output_buffer.append=( link_to task.title, task_path(task) ); @output_buffer.safe_append='
                                                          ^^^^^^^^^
Did you mean?  tasks_path):
    4:   <% @tasks.each do |task| %>
    5:     <li><%= check_box_tag :completed, 1, task.completed %>
    6: 
    7:     <%= link_to task.title, task_path(task) %>
    8:     <%= task.title %>
    9: 
   10: 
  
app/views/tasks/index.html.erb:7
app/views/tasks/index.html.erb:4
Started GET "/tasks" for 127.0.0.1 at 2024-02-20 16:14:32 +0100
Processing by TasksController#index as HTML
  Rendering layout layouts/application.html.erb
  Rendering tasks/index.html.erb within layouts/application
  [1m[36mTask Load (0.1ms)[0m  [1m[34mSELECT "tasks".* FROM "tasks"[0m
  ↳ app/views/tasks/index.html.erb:4
  Rendered tasks/index.html.erb within layouts/application (Duration: 15.3ms | Allocations: 8289)
  Rendered layout layouts/application.html.erb (Duration: 15.6ms | Allocations: 8376)
Completed 500 Internal Server Error in 19ms (ActiveRecord: 4.8ms | Allocations: 10071)


  
ActionView::Template::Error (undefined method `task_path' for #<ActionView::Base:0x00000000010a40>

    '.freeze; @output_buffer.append=( link_to task.title, task_path(task) ); @output_buffer.safe_append='
                                                          ^^^^^^^^^
Did you mean?  tasks_path):
    4:   <% @tasks.each do |task| %>
    5:     <li><%= check_box_tag :completed, 1, task.completed %>
    6: 
    7:     <%= link_to task.title, task_path(task) %>
    8: 
    9:     <%= task.title %>
   10: 
  
app/views/tasks/index.html.erb:7
app/views/tasks/index.html.erb:4
Started GET "/tasks" for 127.0.0.1 at 2024-02-20 16:14:48 +0100
Processing by TasksController#index as HTML
  Rendering layout layouts/application.html.erb
  Rendering tasks/index.html.erb within layouts/application
  [1m[36mTask Load (0.1ms)[0m  [1m[34mSELECT "tasks".* FROM "tasks"[0m
  ↳ app/views/tasks/index.html.erb:4
  Rendered tasks/index.html.erb within layouts/application (Duration: 9.6ms | Allocations: 4631)
  Rendered layout layouts/application.html.erb (Duration: 21.2ms | Allocations: 19185)
Completed 200 OK in 25ms (Views: 21.1ms | ActiveRecord: 1.3ms | Allocations: 20913)


Started GET "/tasks.1" for 127.0.0.1 at 2024-02-20 16:14:50 +0100
Processing by TasksController#index as */*
  Rendering layout layouts/application.html.erb
  Rendering tasks/index.html.erb within layouts/application
  [1m[36mTask Load (0.1ms)[0m  [1m[34mSELECT "tasks".* FROM "tasks"[0m
  ↳ app/views/tasks/index.html.erb:4
  Rendered tasks/index.html.erb within layouts/application (Duration: 1.9ms | Allocations: 842)
  Rendered layout layouts/application.html.erb (Duration: 3.7ms | Allocations: 2180)
Completed 200 OK in 5ms (Views: 4.1ms | ActiveRecord: 0.1ms | Allocations: 2537)


Started GET "/tasks.2" for 127.0.0.1 at 2024-02-20 16:14:53 +0100
Processing by TasksController#index as */*
  Rendering layout layouts/application.html.erb
  Rendering tasks/index.html.erb within layouts/application
  [1m[36mTask Load (0.1ms)[0m  [1m[34mSELECT "tasks".* FROM "tasks"[0m
  ↳ app/views/tasks/index.html.erb:4
  Rendered tasks/index.html.erb within layouts/application (Duration: 1.1ms | Allocations: 841)
  Rendered layout layouts/application.html.erb (Duration: 2.9ms | Allocations: 2173)
Completed 200 OK in 4ms (Views: 3.2ms | ActiveRecord: 0.1ms | Allocations: 2429)


Started GET "/tasks.3" for 127.0.0.1 at 2024-02-20 16:14:54 +0100
Processing by TasksController#index as */*
  Rendering layout layouts/application.html.erb
  Rendering tasks/index.html.erb within layouts/application
  [1m[36mTask Load (0.1ms)[0m  [1m[34mSELECT "tasks".* FROM "tasks"[0m
  ↳ app/views/tasks/index.html.erb:4
  Rendered tasks/index.html.erb within layouts/application (Duration: 1.1ms | Allocations: 841)
  Rendered layout layouts/application.html.erb (Duration: 2.6ms | Allocations: 2197)
Completed 200 OK in 3ms (Views: 2.9ms | ActiveRecord: 0.1ms | Allocations: 2453)


Started GET "/tasks.1" for 127.0.0.1 at 2024-02-20 16:14:56 +0100
Processing by TasksController#index as */*
  Rendering layout layouts/application.html.erb
  Rendering tasks/index.html.erb within layouts/application
  [1m[36mTask Load (0.1ms)[0m  [1m[34mSELECT "tasks".* FROM "tasks"[0m
  ↳ app/views/tasks/index.html.erb:4
  Rendered tasks/index.html.erb within layouts/application (Duration: 1.8ms | Allocations: 841)
  Rendered layout layouts/application.html.erb (Duration: 3.4ms | Allocations: 2197)
Completed 200 OK in 5ms (Views: 4.0ms | ActiveRecord: 0.1ms | Allocations: 2453)


Started GET "/tasks.1" for 127.0.0.1 at 2024-02-20 16:14:57 +0100
Processing by TasksController#index as */*
  Rendering layout layouts/application.html.erb
  Rendering tasks/index.html.erb within layouts/application
  [1m[36mTask Load (0.1ms)[0m  [1m[34mSELECT "tasks".* FROM "tasks"[0m
  ↳ app/views/tasks/index.html.erb:4
  Rendered tasks/index.html.erb within layouts/application (Duration: 1.1ms | Allocations: 841)
  Rendered layout layouts/application.html.erb (Duration: 2.9ms | Allocations: 2167)
Completed 200 OK in 4ms (Views: 3.2ms | ActiveRecord: 0.1ms | Allocations: 2423)


Started GET "/tasks.2" for 127.0.0.1 at 2024-02-20 16:14:57 +0100
Processing by TasksController#index as */*
  Rendering layout layouts/application.html.erb
  Rendering tasks/index.html.erb within layouts/application
  [1m[36mTask Load (0.1ms)[0m  [1m[34mSELECT "tasks".* FROM "tasks"[0m
  ↳ app/views/tasks/index.html.erb:4
  Rendered tasks/index.html.erb within layouts/application (Duration: 2.1ms | Allocations: 841)
  Rendered layout layouts/application.html.erb (Duration: 4.4ms | Allocations: 2176)
Completed 200 OK in 7ms (Views: 5.7ms | ActiveRecord: 0.1ms | Allocations: 2432)


Started GET "/tasks.3" for 127.0.0.1 at 2024-02-20 16:14:58 +0100
Processing by TasksController#index as */*
  Rendering layout layouts/application.html.erb
  Rendering tasks/index.html.erb within layouts/application
  [1m[36mTask Load (0.1ms)[0m  [1m[34mSELECT "tasks".* FROM "tasks"[0m
  ↳ app/views/tasks/index.html.erb:4
  Rendered tasks/index.html.erb within layouts/application (Duration: 1.7ms | Allocations: 841)
  Rendered layout layouts/application.html.erb (Duration: 3.1ms | Allocations: 2176)
Completed 200 OK in 4ms (Views: 3.4ms | ActiveRecord: 0.1ms | Allocations: 2432)


Started GET "/tasks.1" for 127.0.0.1 at 2024-02-20 16:14:58 +0100
Processing by TasksController#index as */*
  Rendering layout layouts/application.html.erb
  Rendering tasks/index.html.erb within layouts/application
  [1m[36mTask Load (0.1ms)[0m  [1m[34mSELECT "tasks".* FROM "tasks"[0m
  ↳ app/views/tasks/index.html.erb:4
  Rendered tasks/index.html.erb within layouts/application (Duration: 1.4ms | Allocations: 841)
  Rendered layout layouts/application.html.erb (Duration: 3.0ms | Allocations: 2173)
Completed 200 OK in 4ms (Views: 3.5ms | ActiveRecord: 0.1ms | Allocations: 2429)


Started GET "/tasks.2" for 127.0.0.1 at 2024-02-20 16:14:59 +0100
Processing by TasksController#index as */*
  Rendering layout layouts/application.html.erb
  Rendering tasks/index.html.erb within layouts/application
  [1m[36mTask Load (0.1ms)[0m  [1m[34mSELECT "tasks".* FROM "tasks"[0m
  ↳ app/views/tasks/index.html.erb:4
  Rendered tasks/index.html.erb within layouts/application (Duration: 1.6ms | Allocations: 841)
  Rendered layout layouts/application.html.erb (Duration: 2.9ms | Allocations: 2167)
Completed 200 OK in 4ms (Views: 3.2ms | ActiveRecord: 0.1ms | Allocations: 2423)


Started GET "/tasks.3" for 127.0.0.1 at 2024-02-20 16:14:59 +0100
Processing by TasksController#index as */*
  Rendering layout layouts/application.html.erb
  Rendering tasks/index.html.erb within layouts/application
  [1m[36mTask Load (0.1ms)[0m  [1m[34mSELECT "tasks".* FROM "tasks"[0m
  ↳ app/views/tasks/index.html.erb:4
  Rendered tasks/index.html.erb within layouts/application (Duration: 1.5ms | Allocations: 841)
  Rendered layout layouts/application.html.erb (Duration: 3.0ms | Allocations: 2182)
Completed 200 OK in 4ms (Views: 3.4ms | ActiveRecord: 0.1ms | Allocations: 2438)


Started GET "/tasks.3" for 127.0.0.1 at 2024-02-20 16:15:17 +0100
Processing by TasksController#index as */*
  Rendering layout layouts/application.html.erb
  Rendering tasks/index.html.erb within layouts/application
  [1m[36mTask Load (0.1ms)[0m  [1m[34mSELECT "tasks".* FROM "tasks"[0m
  ↳ app/views/tasks/index.html.erb:4
  Rendered tasks/index.html.erb within layouts/application (Duration: 1.9ms | Allocations: 841)
  Rendered layout layouts/application.html.erb (Duration: 3.9ms | Allocations: 2179)
Completed 200 OK in 5ms (Views: 4.3ms | ActiveRecord: 0.1ms | Allocations: 2435)


Started GET "/tasks" for 127.0.0.1 at 2024-02-20 16:16:46 +0100
Processing by TasksController#index as HTML
  Rendering layout layouts/application.html.erb
  Rendering tasks/index.html.erb within layouts/application
  [1m[36mTask Load (0.1ms)[0m  [1m[34mSELECT "tasks".* FROM "tasks"[0m
  ↳ app/views/tasks/index.html.erb:4
  Rendered tasks/index.html.erb within layouts/application (Duration: 6.3ms | Allocations: 4478)
  Rendered layout layouts/application.html.erb (Duration: 15.2ms | Allocations: 18968)
Completed 200 OK in 18ms (Views: 14.4ms | ActiveRecord: 1.9ms | Allocations: 20699)


Started GET "/tasks" for 127.0.0.1 at 2024-02-20 16:16:48 +0100
Processing by TasksController#index as HTML
  Rendering layout layouts/application.html.erb
  Rendering tasks/index.html.erb within layouts/application
  [1m[36mTask Load (0.1ms)[0m  [1m[34mSELECT "tasks".* FROM "tasks"[0m
  ↳ app/views/tasks/index.html.erb:4
  Rendered tasks/index.html.erb within layouts/application (Duration: 1.6ms | Allocations: 842)
  Rendered layout layouts/application.html.erb (Duration: 3.5ms | Allocations: 2189)
Completed 200 OK in 4ms (Views: 3.8ms | ActiveRecord: 0.1ms | Allocations: 2462)


Started GET "/tasks.2" for 127.0.0.1 at 2024-02-20 16:16:49 +0100
Processing by TasksController#index as */*
  Rendering layout layouts/application.html.erb
  Rendering tasks/index.html.erb within layouts/application
  [1m[36mTask Load (0.1ms)[0m  [1m[34mSELECT "tasks".* FROM "tasks"[0m
  ↳ app/views/tasks/index.html.erb:4
  Rendered tasks/index.html.erb within layouts/application (Duration: 1.4ms | Allocations: 841)
  Rendered layout layouts/application.html.erb (Duration: 5.0ms | Allocations: 2194)
Completed 200 OK in 6ms (Views: 5.6ms | ActiveRecord: 0.1ms | Allocations: 2529)


Started GET "/tasks.3" for 127.0.0.1 at 2024-02-20 16:16:50 +0100
Processing by TasksController#index as */*
  Rendering layout layouts/application.html.erb
  Rendering tasks/index.html.erb within layouts/application
  [1m[36mTask Load (0.1ms)[0m  [1m[34mSELECT "tasks".* FROM "tasks"[0m
  ↳ app/views/tasks/index.html.erb:4
  Rendered tasks/index.html.erb within layouts/application (Duration: 1.1ms | Allocations: 841)
  Rendered layout layouts/application.html.erb (Duration: 3.5ms | Allocations: 2179)
Completed 200 OK in 4ms (Views: 3.8ms | ActiveRecord: 0.1ms | Allocations: 2435)


Started GET "/tasks.1" for 127.0.0.1 at 2024-02-20 16:16:51 +0100
Processing by TasksController#index as */*
  Rendering layout layouts/application.html.erb
  Rendering tasks/index.html.erb within layouts/application
  [1m[36mTask Load (0.1ms)[0m  [1m[34mSELECT "tasks".* FROM "tasks"[0m
  ↳ app/views/tasks/index.html.erb:4
  Rendered tasks/index.html.erb within layouts/application (Duration: 1.1ms | Allocations: 841)
  Rendered layout layouts/application.html.erb (Duration: 2.5ms | Allocations: 2180)
Completed 200 OK in 3ms (Views: 2.7ms | ActiveRecord: 0.1ms | Allocations: 2437)


Started GET "/tasks.1" for 127.0.0.1 at 2024-02-20 16:16:56 +0100
Processing by TasksController#index as */*
  Rendering layout layouts/application.html.erb
  Rendering tasks/index.html.erb within layouts/application
  [1m[36mTask Load (0.1ms)[0m  [1m[34mSELECT "tasks".* FROM "tasks"[0m
  ↳ app/views/tasks/index.html.erb:4
  Rendered tasks/index.html.erb within layouts/application (Duration: 1.8ms | Allocations: 841)
  Rendered layout layouts/application.html.erb (Duration: 3.5ms | Allocations: 2179)
Completed 200 OK in 4ms (Views: 4.1ms | ActiveRecord: 0.1ms | Allocations: 2435)


Started GET "/tasks.1" for 127.0.0.1 at 2024-02-20 16:16:58 +0100
Processing by TasksController#index as */*
  Rendering layout layouts/application.html.erb
  Rendering tasks/index.html.erb within layouts/application
  [1m[36mTask Load (0.1ms)[0m  [1m[34mSELECT "tasks".* FROM "tasks"[0m
  ↳ app/views/tasks/index.html.erb:4
  Rendered tasks/index.html.erb within layouts/application (Duration: 1.3ms | Allocations: 841)
  Rendered layout layouts/application.html.erb (Duration: 2.8ms | Allocations: 2167)
Completed 200 OK in 4ms (Views: 3.1ms | ActiveRecord: 0.1ms | Allocations: 2423)


Started GET "/tasks.2" for 127.0.0.1 at 2024-02-20 16:16:58 +0100
Processing by TasksController#index as */*
  Rendering layout layouts/application.html.erb
  Rendering tasks/index.html.erb within layouts/application
  [1m[36mTask Load (0.1ms)[0m  [1m[34mSELECT "tasks".* FROM "tasks"[0m
  ↳ app/views/tasks/index.html.erb:4
  Rendered tasks/index.html.erb within layouts/application (Duration: 1.2ms | Allocations: 841)
  Rendered layout layouts/application.html.erb (Duration: 3.0ms | Allocations: 2167)
Completed 200 OK in 4ms (Views: 3.3ms | ActiveRecord: 0.1ms | Allocations: 2423)


Started GET "/tasks.3" for 127.0.0.1 at 2024-02-20 16:16:59 +0100
Processing by TasksController#index as */*
  Rendering layout layouts/application.html.erb
  Rendering tasks/index.html.erb within layouts/application
  [1m[36mTask Load (0.1ms)[0m  [1m[34mSELECT "tasks".* FROM "tasks"[0m
  ↳ app/views/tasks/index.html.erb:4
  Rendered tasks/index.html.erb within layouts/application (Duration: 1.5ms | Allocations: 841)
  Rendered layout layouts/application.html.erb (Duration: 3.0ms | Allocations: 2164)
Completed 200 OK in 4ms (Views: 3.6ms | ActiveRecord: 0.1ms | Allocations: 2421)


Started GET "/tasks.2" for 127.0.0.1 at 2024-02-20 16:17:00 +0100
Processing by TasksController#index as */*
  Rendering layout layouts/application.html.erb
  Rendering tasks/index.html.erb within layouts/application
  [1m[36mTask Load (0.1ms)[0m  [1m[34mSELECT "tasks".* FROM "tasks"[0m
  ↳ app/views/tasks/index.html.erb:4
  Rendered tasks/index.html.erb within layouts/application (Duration: 2.5ms | Allocations: 841)
  Rendered layout layouts/application.html.erb (Duration: 4.1ms | Allocations: 2176)
Completed 200 OK in 5ms (Views: 4.4ms | ActiveRecord: 0.1ms | Allocations: 2432)


Started GET "/tasks.1" for 127.0.0.1 at 2024-02-20 16:17:02 +0100
Processing by TasksController#index as */*
  Rendering layout layouts/application.html.erb
  Rendering tasks/index.html.erb within layouts/application
  [1m[36mTask Load (0.1ms)[0m  [1m[34mSELECT "tasks".* FROM "tasks"[0m
  ↳ app/views/tasks/index.html.erb:4
  Rendered tasks/index.html.erb within layouts/application (Duration: 1.7ms | Allocations: 841)
  Rendered layout layouts/application.html.erb (Duration: 3.3ms | Allocations: 2179)
Completed 200 OK in 4ms (Views: 3.7ms | ActiveRecord: 0.1ms | Allocations: 2435)


Started GET "/tasks.1" for 127.0.0.1 at 2024-02-20 16:17:30 +0100
Processing by TasksController#index as */*
  Rendering layout layouts/application.html.erb
  Rendering tasks/index.html.erb within layouts/application
  [1m[36mTask Load (0.1ms)[0m  [1m[34mSELECT "tasks".* FROM "tasks"[0m
  ↳ app/views/tasks/index.html.erb:4
  Rendered tasks/index.html.erb within layouts/application (Duration: 7.1ms | Allocations: 4539)
  Rendered layout layouts/application.html.erb (Duration: 16.3ms | Allocations: 19083)
Completed 200 OK in 21ms (Views: 16.7ms | ActiveRecord: 1.8ms | Allocations: 20894)


Started GET "/tasks.2" for 127.0.0.1 at 2024-02-20 16:17:31 +0100
Processing by TasksController#index as */*
  Rendering layout layouts/application.html.erb
  Rendering tasks/index.html.erb within layouts/application
  [1m[36mTask Load (0.1ms)[0m  [1m[34mSELECT "tasks".* FROM "tasks"[0m
  ↳ app/views/tasks/index.html.erb:4
  Rendered tasks/index.html.erb within layouts/application (Duration: 1.2ms | Allocations: 842)
  Rendered layout layouts/application.html.erb (Duration: 2.6ms | Allocations: 2165)
Completed 200 OK in 3ms (Views: 2.9ms | ActiveRecord: 0.1ms | Allocations: 2441)


Started GET "/tasks.1" for 127.0.0.1 at 2024-02-20 16:17:32 +0100
Processing by TasksController#index as */*
  Rendering layout layouts/application.html.erb
  Rendering tasks/index.html.erb within layouts/application
  [1m[36mTask Load (0.1ms)[0m  [1m[34mSELECT "tasks".* FROM "tasks"[0m
  ↳ app/views/tasks/index.html.erb:4
  Rendered tasks/index.html.erb within layouts/application (Duration: 1.2ms | Allocations: 841)
  Rendered layout layouts/application.html.erb (Duration: 2.8ms | Allocations: 2179)
Completed 200 OK in 3ms (Views: 3.1ms | ActiveRecord: 0.1ms | Allocations: 2435)


Started GET "/tasks.3" for 127.0.0.1 at 2024-02-20 16:17:32 +0100
Processing by TasksController#index as */*
  Rendering layout layouts/application.html.erb
  Rendering tasks/index.html.erb within layouts/application
  [1m[36mTask Load (0.1ms)[0m  [1m[34mSELECT "tasks".* FROM "tasks"[0m
  ↳ app/views/tasks/index.html.erb:4
  Rendered tasks/index.html.erb within layouts/application (Duration: 2.0ms | Allocations: 841)
  Rendered layout layouts/application.html.erb (Duration: 3.6ms | Allocations: 2179)
Completed 200 OK in 5ms (Views: 4.0ms | ActiveRecord: 0.1ms | Allocations: 2435)


Started GET "/tasks.1" for 127.0.0.1 at 2024-02-20 16:17:33 +0100
Processing by TasksController#index as */*
  Rendering layout layouts/application.html.erb
  Rendering tasks/index.html.erb within layouts/application
  [1m[36mTask Load (0.1ms)[0m  [1m[34mSELECT "tasks".* FROM "tasks"[0m
  ↳ app/views/tasks/index.html.erb:4
  Rendered tasks/index.html.erb within layouts/application (Duration: 1.7ms | Allocations: 841)
  Rendered layout layouts/application.html.erb (Duration: 3.4ms | Allocations: 2170)
Completed 200 OK in 4ms (Views: 3.8ms | ActiveRecord: 0.1ms | Allocations: 2426)


Started GET "/tasks" for 127.0.0.1 at 2024-02-20 16:17:36 +0100
Processing by TasksController#index as HTML
  Rendering layout layouts/application.html.erb
  Rendering tasks/index.html.erb within layouts/application
  [1m[36mTask Load (0.1ms)[0m  [1m[34mSELECT "tasks".* FROM "tasks"[0m
  ↳ app/views/tasks/index.html.erb:4
  Rendered tasks/index.html.erb within layouts/application (Duration: 2.5ms | Allocations: 841)
  Rendered layout layouts/application.html.erb (Duration: 5.5ms | Allocations: 2182)
Completed 200 OK in 8ms (Views: 6.9ms | ActiveRecord: 0.1ms | Allocations: 2435)


Started GET "/tasks" for 127.0.0.1 at 2024-02-20 16:17:36 +0100
Processing by TasksController#index as HTML
  Rendering layout layouts/application.html.erb
  Rendering tasks/index.html.erb within layouts/application
  [1m[36mTask Load (0.1ms)[0m  [1m[34mSELECT "tasks".* FROM "tasks"[0m
  ↳ app/views/tasks/index.html.erb:4
  Rendered tasks/index.html.erb within layouts/application (Duration: 1.9ms | Allocations: 841)
  Rendered layout layouts/application.html.erb (Duration: 4.2ms | Allocations: 2182)
Completed 200 OK in 5ms (Views: 4.8ms | ActiveRecord: 0.1ms | Allocations: 2435)


Started GET "/tasks.1" for 127.0.0.1 at 2024-02-20 16:17:39 +0100
Processing by TasksController#index as */*
  Rendering layout layouts/application.html.erb
  Rendering tasks/index.html.erb within layouts/application
  [1m[36mTask Load (0.1ms)[0m  [1m[34mSELECT "tasks".* FROM "tasks"[0m
  ↳ app/views/tasks/index.html.erb:4
  Rendered tasks/index.html.erb within layouts/application (Duration: 2.1ms | Allocations: 841)
  Rendered layout layouts/application.html.erb (Duration: 3.7ms | Allocations: 2188)
Completed 200 OK in 5ms (Views: 4.2ms | ActiveRecord: 0.1ms | Allocations: 2444)


Started GET "/tasks.2" for 127.0.0.1 at 2024-02-20 16:17:40 +0100
Processing by TasksController#index as */*
  Rendering layout layouts/application.html.erb
  Rendering tasks/index.html.erb within layouts/application
  [1m[36mTask Load (0.1ms)[0m  [1m[34mSELECT "tasks".* FROM "tasks"[0m
  ↳ app/views/tasks/index.html.erb:4
  Rendered tasks/index.html.erb within layouts/application (Duration: 1.4ms | Allocations: 841)
  Rendered layout layouts/application.html.erb (Duration: 2.8ms | Allocations: 2182)
Completed 200 OK in 4ms (Views: 3.3ms | ActiveRecord: 0.1ms | Allocations: 2439)


Started GET "/tasks.3" for 127.0.0.1 at 2024-02-20 16:17:42 +0100
Processing by TasksController#index as */*
  Rendering layout layouts/application.html.erb
  Rendering tasks/index.html.erb within layouts/application
  [1m[36mTask Load (0.1ms)[0m  [1m[34mSELECT "tasks".* FROM "tasks"[0m
  ↳ app/views/tasks/index.html.erb:4
  Rendered tasks/index.html.erb within layouts/application (Duration: 2.1ms | Allocations: 841)
  Rendered layout layouts/application.html.erb (Duration: 3.9ms | Allocations: 2176)
Completed 200 OK in 5ms (Views: 4.4ms | ActiveRecord: 0.1ms | Allocations: 2432)


Started GET "/tasks" for 127.0.0.1 at 2024-02-20 16:18:56 +0100
  
ActionController::RoutingError (No route matches [GET] "/tasks"):
  
Started GET "/tasks" for 127.0.0.1 at 2024-02-20 16:18:56 +0100
  
ActionController::RoutingError (No route matches [GET] "/tasks"):
  
Started GET "/tasks" for 127.0.0.1 at 2024-02-20 16:19:35 +0100
Processing by TasksController#index as HTML
  Rendering layout layouts/application.html.erb
  Rendering tasks/index.html.erb within layouts/application
  [1m[36mTask Load (0.1ms)[0m  [1m[34mSELECT "tasks".* FROM "tasks"[0m
  ↳ app/views/tasks/index.html.erb:4
  Rendered tasks/index.html.erb within layouts/application (Duration: 8.5ms | Allocations: 4535)
  Rendered layout layouts/application.html.erb (Duration: 18.4ms | Allocations: 19083)
Completed 200 OK in 22ms (Views: 16.9ms | ActiveRecord: 2.6ms | Allocations: 20814)


Started GET "/tasks" for 127.0.0.1 at 2024-02-20 16:19:49 +0100
Processing by TasksController#index as HTML
  Rendering layout layouts/application.html.erb
  Rendering tasks/index.html.erb within layouts/application
  [1m[36mTask Load (0.1ms)[0m  [1m[34mSELECT "tasks".* FROM "tasks"[0m
  ↳ app/views/tasks/index.html.erb:4
  Rendered tasks/index.html.erb within layouts/application (Duration: 9.0ms | Allocations: 842)
  Rendered layout layouts/application.html.erb (Duration: 10.8ms | Allocations: 2199)
Completed 200 OK in 12ms (Views: 11.1ms | ActiveRecord: 0.1ms | Allocations: 2473)


Started GET "/tasks.3" for 127.0.0.1 at 2024-02-20 16:19:51 +0100
Processing by TasksController#index as */*
  Rendering layout layouts/application.html.erb
  Rendering tasks/index.html.erb within layouts/application
  [1m[36mTask Load (0.1ms)[0m  [1m[34mSELECT "tasks".* FROM "tasks"[0m
  ↳ app/views/tasks/index.html.erb:4
  Rendered tasks/index.html.erb within layouts/application (Duration: 1.6ms | Allocations: 841)
  Rendered layout layouts/application.html.erb (Duration: 4.5ms | Allocations: 2191)
Completed 200 OK in 5ms (Views: 5.0ms | ActiveRecord: 0.1ms | Allocations: 2526)


Started GET "/tasks.3" for 127.0.0.1 at 2024-02-20 16:20:51 +0100
Processing by TasksController#index as */*
  Rendering layout layouts/application.html.erb
  Rendering tasks/index.html.erb within layouts/application
  [1m[36mTask Load (0.1ms)[0m  [1m[34mSELECT "tasks".* FROM "tasks"[0m
  ↳ app/views/tasks/index.html.erb:4
  Rendered tasks/index.html.erb within layouts/application (Duration: 7.5ms | Allocations: 8457)
  Rendered layout layouts/application.html.erb (Duration: 7.8ms | Allocations: 8544)
Completed 500 Internal Server Error in 11ms (ActiveRecord: 1.3ms | Allocations: 10324)


  
ActionView::Template::Error (undefined local variable or method `show' for #<ActionView::Base:0x00000000017610>

    '.freeze; @output_buffer.append=( link_to task.title, tasks_path(show) ); @output_buffer.safe_append='
                                                                     ^^^^):
    4:   <% @tasks.each do |task| %>
    5:     <li><%= check_box_tag :completed, 1, task.completed %>
    6: 
    7:     <%= link_to task.title, tasks_path(show) %>
    8: 
    9:     <%= task.title %>
   10: 
  
app/views/tasks/index.html.erb:7
app/views/tasks/index.html.erb:4
Started GET "/tasks.3" for 127.0.0.1 at 2024-02-20 16:21:00 +0100
Processing by TasksController#index as */*
  Rendering layout layouts/application.html.erb
  Rendering tasks/index.html.erb within layouts/application
  [1m[36mTask Load (0.1ms)[0m  [1m[34mSELECT "tasks".* FROM "tasks"[0m
  ↳ app/views/tasks/index.html.erb:4
  Rendered tasks/index.html.erb within layouts/application (Duration: 9.4ms | Allocations: 8550)
  Rendered layout layouts/application.html.erb (Duration: 9.7ms | Allocations: 8637)
Completed 500 Internal Server Error in 13ms (ActiveRecord: 1.4ms | Allocations: 10415)


  
ActionView::Template::Error (undefined local variable or method `index' for #<ActionView::Base:0x00000000018830>

    '.freeze; @output_buffer.append=( link_to task.title, tasks_path(index) ); @output_buffer.safe_append='
                                                                     ^^^^^):
    4:   <% @tasks.each do |task| %>
    5:     <li><%= check_box_tag :completed, 1, task.completed %>
    6: 
    7:     <%= link_to task.title, tasks_path(index) %>
    8: 
    9:     <%= task.title %>
   10: 
  
app/views/tasks/index.html.erb:7
app/views/tasks/index.html.erb:4
Started GET "/tasks.3" for 127.0.0.1 at 2024-02-20 16:21:09 +0100
Processing by TasksController#index as */*
  Rendering layout layouts/application.html.erb
  Rendering tasks/index.html.erb within layouts/application
  [1m[36mTask Load (0.1ms)[0m  [1m[34mSELECT "tasks".* FROM "tasks"[0m
  ↳ app/views/tasks/index.html.erb:4
  Rendered tasks/index.html.erb within layouts/application (Duration: 5.2ms | Allocations: 4537)
  Rendered layout layouts/application.html.erb (Duration: 14.1ms | Allocations: 19095)
Completed 200 OK in 20ms (Views: 16.0ms | ActiveRecord: 1.3ms | Allocations: 20907)


Started GET "/tasks.3" for 127.0.0.1 at 2024-02-20 16:22:15 +0100
Processing by TasksController#index as */*
  Rendering layout layouts/application.html.erb
  Rendering tasks/index.html.erb within layouts/application
  [1m[36mTask Load (0.1ms)[0m  [1m[34mSELECT "tasks".* FROM "tasks"[0m
  ↳ app/views/tasks/index.html.erb:4
  Rendered tasks/index.html.erb within layouts/application (Duration: 9.1ms | Allocations: 8234)
  Rendered layout layouts/application.html.erb (Duration: 9.3ms | Allocations: 8321)
Completed 500 Internal Server Error in 13ms (ActiveRecord: 1.3ms | Allocations: 10096)


  
ActionView::Template::Error (undefined method `task_path' for #<ActionView::Base:0x0000000001aa18>

    '.freeze; @output_buffer.append=( link_to task.title, task_path(task) ); @output_buffer.safe_append='
                                                          ^^^^^^^^^
Did you mean?  tasks_path):
    4:   <% @tasks.each do |task| %>
    5:     <li><%= check_box_tag :completed, 1, task.completed %>
    6: 
    7:     <%= link_to task.title, task_path(task) %>
    8: 
    9: 
   10:     <%= task.title %>
  
app/views/tasks/index.html.erb:7
app/views/tasks/index.html.erb:4
Started GET "/tasks" for 127.0.0.1 at 2024-02-20 16:22:19 +0100
Processing by TasksController#index as HTML
  Rendering layout layouts/application.html.erb
  Rendering tasks/index.html.erb within layouts/application
  [1m[36mTask Load (0.1ms)[0m  [1m[34mSELECT "tasks".* FROM "tasks"[0m
  ↳ app/views/tasks/index.html.erb:4
  Rendered tasks/index.html.erb within layouts/application (Duration: 8.5ms | Allocations: 4670)
  Rendered layout layouts/application.html.erb (Duration: 9.2ms | Allocations: 4753)
Completed 500 Internal Server Error in 10ms (ActiveRecord: 0.1ms | Allocations: 5005)


  
ActionView::Template::Error (undefined method `task_path' for #<ActionView::Base:0x0000000001ad60>

    '.freeze; @output_buffer.append=( link_to task.title, task_path(task) ); @output_buffer.safe_append='
                                                          ^^^^^^^^^
Did you mean?  tasks_path):
    4:   <% @tasks.each do |task| %>
    5:     <li><%= check_box_tag :completed, 1, task.completed %>
    6: 
    7:     <%= link_to task.title, task_path(task) %>
    8: 
    9: 
   10:     <%= task.title %>
  
app/views/tasks/index.html.erb:7
app/views/tasks/index.html.erb:4
Started GET "/tasks" for 127.0.0.1 at 2024-02-20 16:22:19 +0100
Processing by TasksController#index as HTML
  Rendering layout layouts/application.html.erb
  Rendering tasks/index.html.erb within layouts/application
  [1m[36mTask Load (0.1ms)[0m  [1m[34mSELECT "tasks".* FROM "tasks"[0m
  ↳ app/views/tasks/index.html.erb:4
  Rendered tasks/index.html.erb within layouts/application (Duration: 5.9ms | Allocations: 4667)
  Rendered layout layouts/application.html.erb (Duration: 6.2ms | Allocations: 4750)
Completed 500 Internal Server Error in 7ms (ActiveRecord: 0.1ms | Allocations: 4982)


  
ActionView::Template::Error (undefined method `task_path' for #<ActionView::Base:0x0000000001b030>

    '.freeze; @output_buffer.append=( link_to task.title, task_path(task) ); @output_buffer.safe_append='
                                                          ^^^^^^^^^
Did you mean?  tasks_path):
    4:   <% @tasks.each do |task| %>
    5:     <li><%= check_box_tag :completed, 1, task.completed %>
    6: 
    7:     <%= link_to task.title, task_path(task) %>
    8: 
    9: 
   10:     <%= task.title %>
  
app/views/tasks/index.html.erb:7
app/views/tasks/index.html.erb:4
Started GET "/tasks" for 127.0.0.1 at 2024-02-20 16:22:57 +0100
Processing by TasksController#index as HTML
  Rendering layout layouts/application.html.erb
  Rendering tasks/index.html.erb within layouts/application
  [1m[36mTask Load (0.1ms)[0m  [1m[34mSELECT "tasks".* FROM "tasks"[0m
  ↳ app/views/tasks/index.html.erb:4
  Rendered tasks/index.html.erb within layouts/application (Duration: 17.9ms | Allocations: 8301)
  Rendered layout layouts/application.html.erb (Duration: 18.3ms | Allocations: 8388)
Completed 500 Internal Server Error in 23ms (ActiveRecord: 2.4ms | Allocations: 10083)


  
ActionView::Template::Error (undefined method `task' for #<ActionView::Base:0x0000000001c2a0>

    '.freeze; @output_buffer.append=( link_to task.title, task(task) ); @output_buffer.safe_append='
                                                          ^^^^):
    4:   <% @tasks.each do |task| %>
    5:     <li><%= check_box_tag :completed, 1, task.completed %>
    6: 
    7:     <%= link_to task.title, task(task) %>
    8: 
    9: 
   10:     <%= task.title %>
  
app/views/tasks/index.html.erb:7
app/views/tasks/index.html.erb:4
Started GET "/tasks" for 127.0.0.1 at 2024-02-20 16:23:08 +0100
Processing by TasksController#index as HTML
  Rendering layout layouts/application.html.erb
  Rendering tasks/index.html.erb within layouts/application
  [1m[36mTask Load (0.1ms)[0m  [1m[34mSELECT "tasks".* FROM "tasks"[0m
  ↳ app/views/tasks/index.html.erb:4
  Rendered tasks/index.html.erb within layouts/application (Duration: 1653.6ms | Allocations: 8355)
  Rendered layout layouts/application.html.erb (Duration: 1653.8ms | Allocations: 8442)
Completed 500 Internal Server Error in 1657ms (ActiveRecord: 3283.7ms | Allocations: 10138)


  
ActionView::Template::Error (undefined method `task_path' for #<ActionView::Base:0x0000000001d588>

    '.freeze; @output_buffer.append=( link_to task.title, task_path(task) ); @output_buffer.safe_append='
                                                          ^^^^^^^^^
Did you mean?  tasks_path):
    4:   <% @tasks.each do |task| %>
    5:     <li><%= check_box_tag :completed, 1, task.completed %>
    6: 
    7:     <%= link_to task.title, task_path(task) %>
    8: 
    9: 
   10:     <%= task.title %>
  
app/views/tasks/index.html.erb:7
app/views/tasks/index.html.erb:4
Started GET "/tasks" for 127.0.0.1 at 2024-02-20 16:23:18 +0100
Processing by TasksController#index as HTML
  Rendering layout layouts/application.html.erb
  Rendering tasks/index.html.erb within layouts/application
  [1m[36mTask Load (0.1ms)[0m  [1m[34mSELECT "tasks".* FROM "tasks"[0m
  ↳ app/views/tasks/index.html.erb:4
  Rendered tasks/index.html.erb within layouts/application (Duration: 20.3ms | Allocations: 4536)
  Rendered layout layouts/application.html.erb (Duration: 71.0ms | Allocations: 19109)
Completed 200 OK in 74ms (Views: 70.3ms | ActiveRecord: 1.7ms | Allocations: 20838)


Started GET "/tasks.1" for 127.0.0.1 at 2024-02-20 16:23:20 +0100
Processing by TasksController#index as */*
  Rendering layout layouts/application.html.erb
  Rendering tasks/index.html.erb within layouts/application
  [1m[36mTask Load (0.1ms)[0m  [1m[34mSELECT "tasks".* FROM "tasks"[0m
  ↳ app/views/tasks/index.html.erb:4
  Rendered tasks/index.html.erb within layouts/application (Duration: 1.8ms | Allocations: 842)
  Rendered layout layouts/application.html.erb (Duration: 4.7ms | Allocations: 2191)
Completed 200 OK in 6ms (Views: 5.3ms | ActiveRecord: 0.1ms | Allocations: 2546)


Started GET "/tasks.3" for 127.0.0.1 at 2024-02-20 16:23:22 +0100
Processing by TasksController#index as */*
  Rendering layout layouts/application.html.erb
  Rendering tasks/index.html.erb within layouts/application
  [1m[36mTask Load (0.1ms)[0m  [1m[34mSELECT "tasks".* FROM "tasks"[0m
  ↳ app/views/tasks/index.html.erb:4
  Rendered tasks/index.html.erb within layouts/application (Duration: 1.7ms | Allocations: 841)
  Rendered layout layouts/application.html.erb (Duration: 3.9ms | Allocations: 2182)
Completed 200 OK in 5ms (Views: 4.2ms | ActiveRecord: 0.1ms | Allocations: 2438)


Started GET "/task" for 127.0.0.1 at 2024-02-20 16:24:41 +0100
  
ActionController::RoutingError (No route matches [GET] "/task"):
  
Started GET "/show" for 127.0.0.1 at 2024-02-20 16:24:59 +0100
  
ActionController::RoutingError (No route matches [GET] "/show"):
  
Started GET "/show" for 127.0.0.1 at 2024-02-20 16:25:32 +0100
  
ActionController::RoutingError (No route matches [GET] "/show"):
  
Started GET "/show" for 127.0.0.1 at 2024-02-20 16:25:38 +0100
  
ActionController::RoutingError (No route matches [GET] "/show"):
  
Started GET "/show" for 127.0.0.1 at 2024-02-20 16:25:38 +0100
  
ActionController::RoutingError (No route matches [GET] "/show"):
  
Started GET "/show" for 127.0.0.1 at 2024-02-20 16:25:58 +0100
  
ActionController::RoutingError (No route matches [GET] "/show"):
  
Started GET "/show" for 127.0.0.1 at 2024-02-20 16:25:59 +0100
  
ActionController::RoutingError (No route matches [GET] "/show"):
  
Started GET "/show" for 127.0.0.1 at 2024-02-20 16:26:11 +0100
  
ActionController::RoutingError (No route matches [GET] "/show"):
  
Started GET "/tasks" for 127.0.0.1 at 2024-02-20 16:26:15 +0100
Processing by TasksController#index as HTML
  Rendering layout layouts/application.html.erb
  Rendering tasks/index.html.erb within layouts/application
  [1m[36mTask Load (0.1ms)[0m  [1m[34mSELECT "tasks".* FROM "tasks"[0m
  ↳ app/views/tasks/index.html.erb:4
  Rendered tasks/index.html.erb within layouts/application (Duration: 6.1ms | Allocations: 4536)
  Rendered layout layouts/application.html.erb (Duration: 15.9ms | Allocations: 19091)
Completed 200 OK in 19ms (Views: 15.8ms | ActiveRecord: 1.4ms | Allocations: 20774)


Started GET "/tasks" for 127.0.0.1 at 2024-02-20 16:26:17 +0100
Processing by TasksController#index as HTML
  Rendering layout layouts/application.html.erb
  Rendering tasks/index.html.erb within layouts/application
  [1m[36mTask Load (0.1ms)[0m  [1m[34mSELECT "tasks".* FROM "tasks"[0m
  ↳ app/views/tasks/index.html.erb:4
  Rendered tasks/index.html.erb within layouts/application (Duration: 2.1ms | Allocations: 842)
  Rendered layout layouts/application.html.erb (Duration: 4.5ms | Allocations: 2186)
Completed 200 OK in 5ms (Views: 4.8ms | ActiveRecord: 0.1ms | Allocations: 2460)


Started GET "/tasks.3" for 127.0.0.1 at 2024-02-20 16:26:19 +0100
Processing by TasksController#index as */*
  Rendering layout layouts/application.html.erb
  Rendering tasks/index.html.erb within layouts/application
  [1m[36mTask Load (0.1ms)[0m  [1m[34mSELECT "tasks".* FROM "tasks"[0m
  ↳ app/views/tasks/index.html.erb:4
  Rendered tasks/index.html.erb within layouts/application (Duration: 1.4ms | Allocations: 841)
  Rendered layout layouts/application.html.erb (Duration: 2.8ms | Allocations: 2170)
Completed 200 OK in 3ms (Views: 3.1ms | ActiveRecord: 0.1ms | Allocations: 2426)


Started GET "/tasks" for 127.0.0.1 at 2024-02-20 16:26:23 +0100
Processing by TasksController#index as HTML
  Rendering layout layouts/application.html.erb
  Rendering tasks/index.html.erb within layouts/application
  [1m[36mTask Load (0.1ms)[0m  [1m[34mSELECT "tasks".* FROM "tasks"[0m
  ↳ app/views/tasks/index.html.erb:4
  Rendered tasks/index.html.erb within layouts/application (Duration: 1.9ms | Allocations: 841)
  Rendered layout layouts/application.html.erb (Duration: 5.4ms | Allocations: 2185)
Completed 200 OK in 6ms (Views: 5.9ms | ActiveRecord: 0.1ms | Allocations: 2438)


Started GET "/tasks" for 127.0.0.1 at 2024-02-20 16:26:23 +0100
Processing by TasksController#index as HTML
  Rendering layout layouts/application.html.erb
  Rendering tasks/index.html.erb within layouts/application
  [1m[36mTask Load (0.1ms)[0m  [1m[34mSELECT "tasks".* FROM "tasks"[0m
  ↳ app/views/tasks/index.html.erb:4
  Rendered tasks/index.html.erb within layouts/application (Duration: 1.8ms | Allocations: 841)
  Rendered layout layouts/application.html.erb (Duration: 3.8ms | Allocations: 2167)
Completed 200 OK in 5ms (Views: 4.4ms | ActiveRecord: 0.1ms | Allocations: 2420)


Started GET "/show" for 127.0.0.1 at 2024-02-20 16:26:27 +0100
  
ActionController::RoutingError (No route matches [GET] "/show"):
  
Started GET "/show" for 127.0.0.1 at 2024-02-20 16:27:32 +0100
  
ActionController::RoutingError (No route matches [GET] "/show"):
  
Started GET "/show" for 127.0.0.1 at 2024-02-20 16:27:32 +0100
  
ActionController::RoutingError (No route matches [GET] "/show"):
  
Started GET "/show" for 127.0.0.1 at 2024-02-20 16:28:57 +0100
  
ActionController::RoutingError (No route matches [GET] "/show"):
  
Started GET "/show" for 127.0.0.1 at 2024-02-20 16:28:58 +0100
  
ActionController::RoutingError (No route matches [GET] "/show"):
  
Started GET "/show" for 127.0.0.1 at 2024-02-20 16:29:28 +0100
  
ActionController::RoutingError (No route matches [GET] "/show"):
  
Started GET "/show" for 127.0.0.1 at 2024-02-20 16:29:52 +0100
  
ActionController::RoutingError (No route matches [GET] "/show"):
  
Started GET "/show" for 127.0.0.1 at 2024-02-20 16:30:18 +0100
  
ActionController::RoutingError (No route matches [GET] "/show"):
  
Started GET "/show" for 127.0.0.1 at 2024-02-20 16:30:18 +0100
  
ActionController::RoutingError (No route matches [GET] "/show"):
  
Started GET "/show" for 127.0.0.1 at 2024-02-20 16:30:39 +0100
  
ActionController::RoutingError (No route matches [GET] "/show"):
  
Started GET "/show" for 127.0.0.1 at 2024-02-20 16:30:53 +0100
  
ActionController::RoutingError (No route matches [GET] "/show"):
  
Started GET "/show" for 127.0.0.1 at 2024-02-20 16:31:05 +0100
  
ActionController::RoutingError (No route matches [GET] "/show"):
  
Started GET "/show" for 127.0.0.1 at 2024-02-20 16:31:12 +0100
  
ActionController::RoutingError (No route matches [GET] "/show"):
  
Started GET "/show" for 127.0.0.1 at 2024-02-20 16:31:13 +0100
  
ActionController::RoutingError (No route matches [GET] "/show"):
  
Started GET "/show" for 127.0.0.1 at 2024-02-20 16:31:13 +0100
  
ActionController::RoutingError (No route matches [GET] "/show"):
  
Started GET "/show" for 127.0.0.1 at 2024-02-20 16:31:13 +0100
  
ActionController::RoutingError (No route matches [GET] "/show"):
  
Started GET "/show" for 127.0.0.1 at 2024-02-20 16:31:14 +0100
  
ActionController::RoutingError (No route matches [GET] "/show"):
  
Started GET "/show" for 127.0.0.1 at 2024-02-20 16:31:14 +0100
  
ActionController::RoutingError (No route matches [GET] "/show"):
  
Started GET "/show" for 127.0.0.1 at 2024-02-20 16:31:31 +0100
  
ActionController::RoutingError (No route matches [GET] "/show"):
  
Started GET "/index" for 127.0.0.1 at 2024-02-20 16:31:34 +0100
  
ActionController::RoutingError (No route matches [GET] "/index"):
  
Started GET "/tasks" for 127.0.0.1 at 2024-02-20 16:31:41 +0100
Processing by TasksController#index as HTML
  Rendering layout layouts/application.html.erb
  Rendering tasks/index.html.erb within layouts/application
  [1m[36mTask Load (0.1ms)[0m  [1m[34mSELECT "tasks".* FROM "tasks"[0m
  ↳ app/views/tasks/index.html.erb:4
  Rendered tasks/index.html.erb within layouts/application (Duration: 8.2ms | Allocations: 4538)
  Rendered layout layouts/application.html.erb (Duration: 23.0ms | Allocations: 19087)
Completed 200 OK in 29ms (Views: 23.1ms | ActiveRecord: 2.1ms | Allocations: 20773)


Started GET "/tasks" for 127.0.0.1 at 2024-02-20 16:31:43 +0100
Processing by TasksController#index as HTML
  Rendering layout layouts/application.html.erb
  Rendering tasks/index.html.erb within layouts/application
  [1m[36mTask Load (0.1ms)[0m  [1m[34mSELECT "tasks".* FROM "tasks"[0m
  ↳ app/views/tasks/index.html.erb:4
  Rendered tasks/index.html.erb within layouts/application (Duration: 1.3ms | Allocations: 842)
  Rendered layout layouts/application.html.erb (Duration: 4.1ms | Allocations: 2172)
Completed 200 OK in 5ms (Views: 4.6ms | ActiveRecord: 0.1ms | Allocations: 2446)


Started GET "/tasks.1" for 127.0.0.1 at 2024-02-20 16:31:46 +0100
Processing by TasksController#index as */*
  Rendering layout layouts/application.html.erb
  Rendering tasks/index.html.erb within layouts/application
  [1m[36mTask Load (0.1ms)[0m  [1m[34mSELECT "tasks".* FROM "tasks"[0m
  ↳ app/views/tasks/index.html.erb:4
  Rendered tasks/index.html.erb within layouts/application (Duration: 1.6ms | Allocations: 841)
  Rendered layout layouts/application.html.erb (Duration: 3.3ms | Allocations: 2182)
Completed 200 OK in 4ms (Views: 3.7ms | ActiveRecord: 0.1ms | Allocations: 2438)


Started GET "/tasks.1" for 127.0.0.1 at 2024-02-20 16:31:46 +0100
Processing by TasksController#index as */*
  Rendering layout layouts/application.html.erb
  Rendering tasks/index.html.erb within layouts/application
  [1m[36mTask Load (0.1ms)[0m  [1m[34mSELECT "tasks".* FROM "tasks"[0m
  ↳ app/views/tasks/index.html.erb:4
  Rendered tasks/index.html.erb within layouts/application (Duration: 1.4ms | Allocations: 841)
  Rendered layout layouts/application.html.erb (Duration: 3.0ms | Allocations: 2182)
Completed 200 OK in 4ms (Views: 3.4ms | ActiveRecord: 0.1ms | Allocations: 2438)


Started GET "/tasks.2" for 127.0.0.1 at 2024-02-20 16:31:47 +0100
Processing by TasksController#index as */*
  Rendering layout layouts/application.html.erb
  Rendering tasks/index.html.erb within layouts/application
  [1m[36mTask Load (0.1ms)[0m  [1m[34mSELECT "tasks".* FROM "tasks"[0m
  ↳ app/views/tasks/index.html.erb:4
  Rendered tasks/index.html.erb within layouts/application (Duration: 1.1ms | Allocations: 841)
  Rendered layout layouts/application.html.erb (Duration: 2.6ms | Allocations: 2164)
Completed 200 OK in 4ms (Views: 2.9ms | ActiveRecord: 0.1ms | Allocations: 2420)


Started GET "/tasks" for 127.0.0.1 at 2024-02-20 16:32:11 +0100
Processing by TasksController#index as HTML
  Rendering layout layouts/application.html.erb
  Rendering tasks/index.html.erb within layouts/application
  [1m[36mTask Load (0.3ms)[0m  [1m[34mSELECT "tasks".* FROM "tasks"[0m
  ↳ app/views/tasks/index.html.erb:4
  Rendered tasks/index.html.erb within layouts/application (Duration: 127.7ms | Allocations: 4478)
  Rendered layout layouts/application.html.erb (Duration: 145.5ms | Allocations: 18950)
Completed 200 OK in 150ms (Views: -77.1ms | ActiveRecord: 223.9ms | Allocations: 20678)


Started GET "/tasks" for 127.0.0.1 at 2024-02-20 16:32:12 +0100
Processing by TasksController#index as HTML
  Rendering layout layouts/application.html.erb
  Rendering tasks/index.html.erb within layouts/application
  [1m[36mTask Load (0.1ms)[0m  [1m[34mSELECT "tasks".* FROM "tasks"[0m
  ↳ app/views/tasks/index.html.erb:4
  Rendered tasks/index.html.erb within layouts/application (Duration: 1.7ms | Allocations: 842)
  Rendered layout layouts/application.html.erb (Duration: 4.6ms | Allocations: 2203)
Completed 200 OK in 6ms (Views: 5.2ms | ActiveRecord: 0.1ms | Allocations: 2477)


Started GET "/tasks.1" for 127.0.0.1 at 2024-02-20 16:32:14 +0100
Processing by TasksController#index as */*
  Rendering layout layouts/application.html.erb
  Rendering tasks/index.html.erb within layouts/application
  [1m[36mTask Load (0.1ms)[0m  [1m[34mSELECT "tasks".* FROM "tasks"[0m
  ↳ app/views/tasks/index.html.erb:4
  Rendered tasks/index.html.erb within layouts/application (Duration: 1.3ms | Allocations: 841)
  Rendered layout layouts/application.html.erb (Duration: 2.7ms | Allocations: 2182)
Completed 200 OK in 3ms (Views: 3.0ms | ActiveRecord: 0.1ms | Allocations: 2517)


Started GET "/tasks.1" for 127.0.0.1 at 2024-02-20 16:32:15 +0100
Processing by TasksController#index as */*
  Rendering layout layouts/application.html.erb
  Rendering tasks/index.html.erb within layouts/application
  [1m[36mTask Load (0.1ms)[0m  [1m[34mSELECT "tasks".* FROM "tasks"[0m
  ↳ app/views/tasks/index.html.erb:4
  Rendered tasks/index.html.erb within layouts/application (Duration: 2.0ms | Allocations: 841)
  Rendered layout layouts/application.html.erb (Duration: 4.8ms | Allocations: 2185)
Completed 200 OK in 6ms (Views: 5.2ms | ActiveRecord: 0.1ms | Allocations: 2441)


Started GET "/tasks.1" for 127.0.0.1 at 2024-02-20 16:32:37 +0100
Processing by TasksController#index as */*
  Rendering layout layouts/application.html.erb
  Rendering tasks/index.html.erb within layouts/application
  [1m[36mTask Load (0.1ms)[0m  [1m[34mSELECT "tasks".* FROM "tasks"[0m
  ↳ app/views/tasks/index.html.erb:4
  Rendered tasks/index.html.erb within layouts/application (Duration: 5.9ms | Allocations: 4328)
  Rendered layout layouts/application.html.erb (Duration: 14.4ms | Allocations: 18883)
Completed 200 OK in 17ms (Views: 14.0ms | ActiveRecord: 1.5ms | Allocations: 20697)


Started GET "/tasks" for 127.0.0.1 at 2024-02-20 16:32:42 +0100
Processing by TasksController#index as HTML
  Rendering layout layouts/application.html.erb
  Rendering tasks/index.html.erb within layouts/application
  [1m[36mTask Load (0.1ms)[0m  [1m[34mSELECT "tasks".* FROM "tasks"[0m
  ↳ app/views/tasks/index.html.erb:4
  Rendered tasks/index.html.erb within layouts/application (Duration: 2.3ms | Allocations: 697)
  Rendered layout layouts/application.html.erb (Duration: 5.1ms | Allocations: 2050)
Completed 200 OK in 6ms (Views: 5.7ms | ActiveRecord: 0.1ms | Allocations: 2323)


Started GET "/tasks" for 127.0.0.1 at 2024-02-20 16:32:42 +0100
Processing by TasksController#index as HTML
  Rendering layout layouts/application.html.erb
  Rendering tasks/index.html.erb within layouts/application
  [1m[36mTask Load (0.1ms)[0m  [1m[34mSELECT "tasks".* FROM "tasks"[0m
  ↳ app/views/tasks/index.html.erb:4
  Rendered tasks/index.html.erb within layouts/application (Duration: 1.3ms | Allocations: 696)
  Rendered layout layouts/application.html.erb (Duration: 3.4ms | Allocations: 2034)
Completed 200 OK in 4ms (Views: 3.9ms | ActiveRecord: 0.1ms | Allocations: 2288)


Started GET "/show" for 127.0.0.1 at 2024-02-20 16:32:54 +0100
  
ActionController::RoutingError (No route matches [GET] "/show"):
  
Started GET "/show" for 127.0.0.1 at 2024-02-20 16:32:54 +0100
  
ActionController::RoutingError (No route matches [GET] "/show"):
  
Started GET "/tasks/1" for 127.0.0.1 at 2024-02-20 16:33:06 +0100
Processing by TasksController#show as HTML
  Parameters: {"id"=>"1"}
  [1m[36mTask Load (0.2ms)[0m  [1m[34mSELECT "tasks".* FROM "tasks" WHERE "tasks"."id" = ? LIMIT ?[0m  [["id", 1], ["LIMIT", 1]]
  ↳ app/controllers/tasks_controller.rb:6:in `show'
  Rendering layout layouts/application.html.erb
  Rendering tasks/show.html.erb within layouts/application
  Rendered tasks/show.html.erb within layouts/application (Duration: 0.5ms | Allocations: 165)
  Rendered layout layouts/application.html.erb (Duration: 2.0ms | Allocations: 1506)
Completed 200 OK in 7ms (Views: 2.5ms | ActiveRecord: 0.2ms | Allocations: 3003)


Started GET "/tasks/2" for 127.0.0.1 at 2024-02-20 16:33:13 +0100
Processing by TasksController#show as HTML
  Parameters: {"id"=>"2"}
  [1m[36mTask Load (0.2ms)[0m  [1m[34mSELECT "tasks".* FROM "tasks" WHERE "tasks"."id" = ? LIMIT ?[0m  [["id", 2], ["LIMIT", 1]]
  ↳ app/controllers/tasks_controller.rb:6:in `show'
  Rendering layout layouts/application.html.erb
  Rendering tasks/show.html.erb within layouts/application
  Rendered tasks/show.html.erb within layouts/application (Duration: 0.1ms | Allocations: 38)
  Rendered layout layouts/application.html.erb (Duration: 4.0ms | Allocations: 1372)
Completed 200 OK in 8ms (Views: 5.2ms | ActiveRecord: 0.2ms | Allocations: 2148)


Started GET "/tasks/2" for 127.0.0.1 at 2024-02-20 16:33:31 +0100
Processing by TasksController#show as HTML
  Parameters: {"id"=>"2"}
  [1m[36mTask Load (0.2ms)[0m  [1m[34mSELECT "tasks".* FROM "tasks" WHERE "tasks"."id" = ? LIMIT ?[0m  [["id", 2], ["LIMIT", 1]]
  ↳ app/controllers/tasks_controller.rb:6:in `show'
  Rendering layout layouts/application.html.erb
  Rendering tasks/show.html.erb within layouts/application
  Rendered tasks/show.html.erb within layouts/application (Duration: 0.9ms | Allocations: 223)
  Rendered layout layouts/application.html.erb (Duration: 10.7ms | Allocations: 14771)
Completed 200 OK in 21ms (Views: 13.5ms | ActiveRecord: 1.5ms | Allocations: 20981)


Started GET "/tasks/2" for 127.0.0.1 at 2024-02-20 16:33:32 +0100
Processing by TasksController#show as HTML
  Parameters: {"id"=>"2"}
  [1m[36mTask Load (0.1ms)[0m  [1m[34mSELECT "tasks".* FROM "tasks" WHERE "tasks"."id" = ? LIMIT ?[0m  [["id", 2], ["LIMIT", 1]]
  ↳ app/controllers/tasks_controller.rb:6:in `show'
  Rendering layout layouts/application.html.erb
  Rendering tasks/show.html.erb within layouts/application
  Rendered tasks/show.html.erb within layouts/application (Duration: 0.1ms | Allocations: 38)
  Rendered layout layouts/application.html.erb (Duration: 2.0ms | Allocations: 1375)
Completed 200 OK in 4ms (Views: 2.4ms | ActiveRecord: 0.1ms | Allocations: 2212)


Started GET "/tasks/" for 127.0.0.1 at 2024-02-20 16:33:35 +0100
Processing by TasksController#index as HTML
  Rendering layout layouts/application.html.erb
  Rendering tasks/index.html.erb within layouts/application
  [1m[36mTask Load (0.1ms)[0m  [1m[34mSELECT "tasks".* FROM "tasks"[0m
  ↳ app/views/tasks/index.html.erb:4
  Rendered tasks/index.html.erb within layouts/application (Duration: 2.2ms | Allocations: 1162)
  Rendered layout layouts/application.html.erb (Duration: 3.6ms | Allocations: 2512)
Completed 200 OK in 4ms (Views: 3.8ms | ActiveRecord: 0.1ms | Allocations: 2825)


Started GET "/tasks.1" for 127.0.0.1 at 2024-02-20 16:33:37 +0100
Processing by TasksController#index as */*
  Rendering layout layouts/application.html.erb
  Rendering tasks/index.html.erb within layouts/application
  [1m[36mTask Load (0.1ms)[0m  [1m[34mSELECT "tasks".* FROM "tasks"[0m
  ↳ app/views/tasks/index.html.erb:4
  Rendered tasks/index.html.erb within layouts/application (Duration: 1.4ms | Allocations: 841)
  Rendered layout layouts/application.html.erb (Duration: 2.9ms | Allocations: 2182)
Completed 200 OK in 4ms (Views: 3.4ms | ActiveRecord: 0.1ms | Allocations: 2517)


Started GET "/tasks.1" for 127.0.0.1 at 2024-02-20 16:35:09 +0100
Processing by TasksController#index as */*
  Rendering layout layouts/application.html.erb
  Rendering tasks/index.html.erb within layouts/application
  [1m[36mTask Load (0.1ms)[0m  [1m[34mSELECT "tasks".* FROM "tasks"[0m
  ↳ app/views/tasks/index.html.erb:4
  Rendered tasks/index.html.erb within layouts/application (Duration: 10.4ms | Allocations: 8234)
  Rendered layout layouts/application.html.erb (Duration: 10.6ms | Allocations: 8321)
Completed 500 Internal Server Error in 14ms (ActiveRecord: 1.3ms | Allocations: 10099)


  
ActionView::Template::Error (undefined method `task_path' for #<ActionView::Base:0x000000000361f0>

    '.freeze; @output_buffer.append=( link_to task.title, task_path(task) ); @output_buffer.safe_append='
                                                          ^^^^^^^^^
Did you mean?  tasks_path):
    4:   <% @tasks.each do |task| %>
    5:     <li><%= check_box_tag :completed, 1, task.completed %>
    6: 
    7:     <%= link_to task.title, task_path(task) %>
    8: 
    9: 
   10:     <%= task.title %>
  
app/views/tasks/index.html.erb:7
app/views/tasks/index.html.erb:4
Started GET "/tasks" for 127.0.0.1 at 2024-02-20 16:35:11 +0100
Processing by TasksController#index as HTML
  Rendering layout layouts/application.html.erb
  Rendering tasks/index.html.erb within layouts/application
  [1m[36mTask Load (0.1ms)[0m  [1m[34mSELECT "tasks".* FROM "tasks"[0m
  ↳ app/views/tasks/index.html.erb:4
  Rendered tasks/index.html.erb within layouts/application (Duration: 7.2ms | Allocations: 4670)
  Rendered layout layouts/application.html.erb (Duration: 7.5ms | Allocations: 4753)
Completed 500 Internal Server Error in 9ms (ActiveRecord: 0.1ms | Allocations: 5005)


  
ActionView::Template::Error (undefined method `task_path' for #<ActionView::Base:0x00000000036538>

    '.freeze; @output_buffer.append=( link_to task.title, task_path(task) ); @output_buffer.safe_append='
                                                          ^^^^^^^^^
Did you mean?  tasks_path):
    4:   <% @tasks.each do |task| %>
    5:     <li><%= check_box_tag :completed, 1, task.completed %>
    6: 
    7:     <%= link_to task.title, task_path(task) %>
    8: 
    9: 
   10:     <%= task.title %>
  
app/views/tasks/index.html.erb:7
app/views/tasks/index.html.erb:4
Started GET "/tasks" for 127.0.0.1 at 2024-02-20 16:35:12 +0100
Processing by TasksController#index as HTML
  Rendering layout layouts/application.html.erb
  Rendering tasks/index.html.erb within layouts/application
  [1m[36mTask Load (0.1ms)[0m  [1m[34mSELECT "tasks".* FROM "tasks"[0m
  ↳ app/views/tasks/index.html.erb:4
  Rendered tasks/index.html.erb within layouts/application (Duration: 10.0ms | Allocations: 4669)
  Rendered layout layouts/application.html.erb (Duration: 10.4ms | Allocations: 4752)
Completed 500 Internal Server Error in 11ms (ActiveRecord: 0.1ms | Allocations: 4984)


  
ActionView::Template::Error (undefined method `task_path' for #<ActionView::Base:0x00000000036808>

    '.freeze; @output_buffer.append=( link_to task.title, task_path(task) ); @output_buffer.safe_append='
                                                          ^^^^^^^^^
Did you mean?  tasks_path):
    4:   <% @tasks.each do |task| %>
    5:     <li><%= check_box_tag :completed, 1, task.completed %>
    6: 
    7:     <%= link_to task.title, task_path(task) %>
    8: 
    9: 
   10:     <%= task.title %>
  
app/views/tasks/index.html.erb:7
app/views/tasks/index.html.erb:4
